{"C:\\Users\\user\\OneDrive\\Desktop\\ATLP\\ATLP\\BACKEND\\portfolio\\my_brand_backend\\src\\utils\\catchAsync.ts": {"path":"C:\\Users\\user\\OneDrive\\Desktop\\ATLP\\ATLP\\BACKEND\\portfolio\\my_brand_backend\\src\\utils\\catchAsync.ts","statementMap":{"0":{"start":{"line":4,"column":2},"end":{"line":6,"column":4}},"1":{"start":{"line":5,"column":4},"end":{"line":5,"column":35}},"2":{"start":{"line":3,"column":0},"end":{"line":3,"column":24}}},"fnMap":{"0":{"name":"catchAsync","decl":{"start":{"line":3,"column":24},"end":{"line":3,"column":34}},"loc":{"start":{"line":3,"column":47},"end":{"line":7,"column":1}}},"1":{"name":"(anonymous_1)","decl":{"start":{"line":4,"column":9},"end":{"line":4,"column":10}},"loc":{"start":{"line":4,"column":53},"end":{"line":6,"column":3}}}},"branchMap":{},"s":{"0":2,"1":2,"2":1},"f":{"0":2,"1":2},"b":{}}
}
