{"C:\\Users\\user\\OneDrive\\Desktop\\ATLP\\ATLP\\BACKEND\\portfolio\\my_brand_backend\\src\\index.ts": {"path":"C:\\Users\\user\\OneDrive\\Desktop\\ATLP\\ATLP\\BACKEND\\portfolio\\my_brand_backend\\src\\index.ts","statementMap":{"0":{"start":{"line":1,"column":0},"end":{"line":1,"column":30}},"1":{"start":{"line":2,"column":0},"end":{"line":2,"column":28}},"2":{"start":{"line":4,"column":0},"end":{"line":4,"column":24}},"3":{"start":{"line":6,"column":0},"end":{"line":6,"column":43}},"4":{"start":{"line":8,"column":0},"end":{"line":8,"column":46}},"5":{"start":{"line":9,"column":0},"end":{"line":9,"column":50}},"6":{"start":{"line":10,"column":0},"end":{"line":10,"column":56}},"7":{"start":{"line":11,"column":0},"end":{"line":11,"column":46}},"8":{"start":{"line":12,"column":0},"end":{"line":12,"column":45}},"9":{"start":{"line":13,"column":0},"end":{"line":13,"column":51}},"10":{"start":{"line":14,"column":0},"end":{"line":14,"column":58}},"11":{"start":{"line":15,"column":0},"end":{"line":15,"column":49}},"12":{"start":{"line":16,"column":0},"end":{"line":16,"column":55}},"13":{"start":{"line":17,"column":0},"end":{"line":17,"column":51}},"14":{"start":{"line":18,"column":0},"end":{"line":18,"column":48}},"15":{"start":{"line":20,"column":29},"end":{"line":20,"column":46}},"16":{"start":{"line":21,"column":25},"end":{"line":21,"column":37}},"17":{"start":{"line":22,"column":28},"end":{"line":22,"column":43}},"18":{"start":{"line":24,"column":12},"end":{"line":24,"column":21}},"19":{"start":{"line":25,"column":0},"end":{"line":25,"column":23}},"20":{"start":{"line":26,"column":0},"end":{"line":31,"column":2}},"21":{"start":{"line":32,"column":0},"end":{"line":32,"column":24}},"22":{"start":{"line":33,"column":0},"end":{"line":33,"column":48}},"23":{"start":{"line":35,"column":0},"end":{"line":40,"column":3}},"24":{"start":{"line":36,"column":2},"end":{"line":39,"column":5}},"25":{"start":{"line":41,"column":0},"end":{"line":41,"column":34}},"26":{"start":{"line":42,"column":0},"end":{"line":42,"column":32}},"27":{"start":{"line":43,"column":0},"end":{"line":43,"column":34}},"28":{"start":{"line":44,"column":0},"end":{"line":44,"column":69}},"29":{"start":{"line":45,"column":0},"end":{"line":45,"column":41}},"30":{"start":{"line":46,"column":0},"end":{"line":46,"column":38}},"31":{"start":{"line":47,"column":0},"end":{"line":47,"column":40}},"32":{"start":{"line":48,"column":0},"end":{"line":48,"column":44}},"33":{"start":{"line":50,"column":0},"end":{"line":50,"column":68}},"34":{"start":{"line":52,"column":0},"end":{"line":52,"column":31}},"35":{"start":{"line":53,"column":0},"end":{"line":53,"column":22}},"36":{"start":{"line":55,"column":0},"end":{"line":55,"column":19}}},"fnMap":{"0":{"name":"(anonymous_1)","decl":{"start":{"line":35,"column":13},"end":{"line":35,"column":14}},"loc":{"start":{"line":35,"column":22},"end":{"line":40,"column":1}}}},"branchMap":{},"s":{"0":1,"1":1,"2":1,"3":1,"4":1,"5":1,"6":1,"7":1,"8":1,"9":1,"10":1,"11":1,"12":1,"13":1,"14":1,"15":1,"16":1,"17":1,"18":1,"19":1,"20":1,"21":1,"22":1,"23":1,"24":0,"25":1,"26":1,"27":1,"28":1,"29":1,"30":1,"31":1,"32":1,"33":1,"34":1,"35":1,"36":1},"f":{"0":0},"b":{}}
,"C:\\Users\\user\\OneDrive\\Desktop\\ATLP\\ATLP\\BACKEND\\portfolio\\my_brand_backend\\src\\controllers\\aboutMe.controller.ts": {"path":"C:\\Users\\user\\OneDrive\\Desktop\\ATLP\\ATLP\\BACKEND\\portfolio\\my_brand_backend\\src\\controllers\\aboutMe.controller.ts","statementMap":{"0":{"start":{"line":3,"column":0},"end":{"line":3,"column":41}},"1":{"start":{"line":4,"column":0},"end":{"line":4,"column":45}},"2":{"start":{"line":5,"column":0},"end":{"line":5,"column":49}},"3":{"start":{"line":7,"column":0},"end":{"line":7,"column":21}},"4":{"start":{"line":8,"column":9},"end":{"line":8,"column":22}},"5":{"start":{"line":9,"column":58},"end":{"line":16,"column":null}},"6":{"start":{"line":10,"column":22},"end":{"line":10,"column":null}},"7":{"start":{"line":10,"column":12},"end":{"line":10,"column":null}},"8":{"start":{"line":11,"column":6},"end":{"line":11,"column":76}},"9":{"start":{"line":11,"column":20},"end":{"line":11,"column":76}},"10":{"start":{"line":12,"column":6},"end":{"line":15,"column":9}},"11":{"start":{"line":18,"column":9},"end":{"line":18,"column":25}},"12":{"start":{"line":19,"column":58},"end":{"line":25,"column":null}},"13":{"start":{"line":20,"column":22},"end":{"line":20,"column":null}},"14":{"start":{"line":20,"column":12},"end":{"line":20,"column":null}},"15":{"start":{"line":21,"column":6},"end":{"line":24,"column":9}},"16":{"start":{"line":27,"column":9},"end":{"line":27,"column":25}},"17":{"start":{"line":28,"column":58},"end":{"line":43,"column":null}},"18":{"start":{"line":29,"column":20},"end":{"line":29,"column":null}},"19":{"start":{"line":29,"column":12},"end":{"line":29,"column":null}},"20":{"start":{"line":30,"column":6},"end":{"line":30,"column":70}},"21":{"start":{"line":30,"column":18},"end":{"line":30,"column":70}},"22":{"start":{"line":31,"column":27},"end":{"line":38,"column":null}},"23":{"start":{"line":31,"column":12},"end":{"line":38,"column":null}},"24":{"start":{"line":39,"column":6},"end":{"line":42,"column":9}},"25":{"start":{"line":45,"column":9},"end":{"line":45,"column":25}},"26":{"start":{"line":46,"column":58},"end":{"line":54,"column":null}},"27":{"start":{"line":47,"column":20},"end":{"line":47,"column":null}},"28":{"start":{"line":47,"column":12},"end":{"line":47,"column":null}},"29":{"start":{"line":48,"column":6},"end":{"line":48,"column":80}},"30":{"start":{"line":48,"column":18},"end":{"line":48,"column":80}},"31":{"start":{"line":49,"column":6},"end":{"line":49,"column":53}},"32":{"start":{"line":50,"column":6},"end":{"line":53,"column":9}},"33":{"start":{"line":56,"column":0},"end":{"line":56,"column":null}},"34":{"start":{"line":7,"column":21},"end":{"line":7,"column":null}}},"fnMap":{"0":{"name":"(anonymous_14)","decl":{"start":{"line":7,"column":0},"end":{"line":7,"column":21}},"loc":{"start":{"line":7,"column":0},"end":{"line":7,"column":21}}},"1":{"name":"(anonymous_16)","decl":{"start":{"line":9,"column":4},"end":{"line":9,"column":11}},"loc":{"start":{"line":9,"column":58},"end":{"line":16,"column":null}}},"2":{"name":"(anonymous_17)","decl":{"start":{"line":9,"column":58},"end":{"line":9,"column":null}},"loc":{"start":{"line":9,"column":58},"end":{"line":16,"column":null}}},"3":{"name":"(anonymous_19)","decl":{"start":{"line":19,"column":4},"end":{"line":19,"column":11}},"loc":{"start":{"line":19,"column":58},"end":{"line":25,"column":null}}},"4":{"name":"(anonymous_20)","decl":{"start":{"line":19,"column":58},"end":{"line":19,"column":null}},"loc":{"start":{"line":19,"column":58},"end":{"line":25,"column":null}}},"5":{"name":"(anonymous_22)","decl":{"start":{"line":28,"column":4},"end":{"line":28,"column":11}},"loc":{"start":{"line":28,"column":58},"end":{"line":43,"column":null}}},"6":{"name":"(anonymous_23)","decl":{"start":{"line":28,"column":58},"end":{"line":28,"column":null}},"loc":{"start":{"line":28,"column":58},"end":{"line":43,"column":null}}},"7":{"name":"(anonymous_25)","decl":{"start":{"line":46,"column":4},"end":{"line":46,"column":11}},"loc":{"start":{"line":46,"column":58},"end":{"line":54,"column":null}}},"8":{"name":"(anonymous_26)","decl":{"start":{"line":46,"column":58},"end":{"line":46,"column":null}},"loc":{"start":{"line":46,"column":58},"end":{"line":54,"column":null}}}},"branchMap":{"0":{"loc":{"start":{"line":10,"column":22},"end":{"line":10,"column":null}},"type":"switch","locations":[{"start":{"line":10,"column":22},"end":{"line":10,"column":null}}]},"1":{"loc":{"start":{"line":11,"column":6},"end":{"line":11,"column":76}},"type":"if","locations":[{"start":{"line":11,"column":6},"end":{"line":11,"column":76}}]},"2":{"loc":{"start":{"line":20,"column":22},"end":{"line":20,"column":null}},"type":"switch","locations":[{"start":{"line":20,"column":22},"end":{"line":20,"column":null}}]},"3":{"loc":{"start":{"line":29,"column":20},"end":{"line":29,"column":null}},"type":"switch","locations":[{"start":{"line":29,"column":20},"end":{"line":29,"column":null}}]},"4":{"loc":{"start":{"line":30,"column":6},"end":{"line":30,"column":70}},"type":"if","locations":[{"start":{"line":30,"column":6},"end":{"line":30,"column":70}}]},"5":{"loc":{"start":{"line":47,"column":20},"end":{"line":47,"column":null}},"type":"switch","locations":[{"start":{"line":47,"column":20},"end":{"line":47,"column":null}}]},"6":{"loc":{"start":{"line":48,"column":6},"end":{"line":48,"column":80}},"type":"if","locations":[{"start":{"line":48,"column":6},"end":{"line":48,"column":80}}]}},"s":{"0":1,"1":1,"2":1,"3":1,"4":1,"5":0,"6":0,"7":0,"8":0,"9":0,"10":0,"11":1,"12":0,"13":0,"14":0,"15":0,"16":1,"17":0,"18":0,"19":0,"20":0,"21":0,"22":0,"23":0,"24":0,"25":1,"26":0,"27":0,"28":0,"29":0,"30":0,"31":0,"32":0,"33":1,"34":1},"f":{"0":1,"1":0,"2":0,"3":0,"4":0,"5":0,"6":0,"7":0,"8":0},"b":{"0":[0],"1":[0],"2":[0],"3":[0],"4":[0],"5":[0],"6":[0]}}
,"C:\\Users\\user\\OneDrive\\Desktop\\ATLP\\ATLP\\BACKEND\\portfolio\\my_brand_backend\\src\\controllers\\authController.ts": {"path":"C:\\Users\\user\\OneDrive\\Desktop\\ATLP\\ATLP\\BACKEND\\portfolio\\my_brand_backend\\src\\controllers\\authController.ts","statementMap":{"0":{"start":{"line":1,"column":0},"end":{"line":1,"column":39}},"1":{"start":{"line":2,"column":0},"end":{"line":2,"column":41}},"2":{"start":{"line":3,"column":0},"end":{"line":3,"column":31}},"3":{"start":{"line":4,"column":0},"end":{"line":4,"column":45}},"4":{"start":{"line":5,"column":0},"end":{"line":5,"column":55}},"5":{"start":{"line":6,"column":0},"end":{"line":6,"column":53}},"6":{"start":{"line":8,"column":0},"end":{"line":8,"column":28}},"7":{"start":{"line":10,"column":0},"end":{"line":10,"column":28}},"8":{"start":{"line":11,"column":0},"end":{"line":11,"column":28}},"9":{"start":{"line":12,"column":19},"end":{"line":12,"column":28}},"10":{"start":{"line":13,"column":0},"end":{"line":13,"column":45}},"11":{"start":{"line":27,"column":27},"end":{"line":32,"column":2}},"12":{"start":{"line":29,"column":28},"end":{"line":32,"column":2}},"13":{"start":{"line":31,"column":9},"end":{"line":31,"column":65}},"14":{"start":{"line":31,"column":2},"end":{"line":31,"column":65}},"15":{"start":{"line":33,"column":0},"end":{"line":33,"column":21}},"16":{"start":{"line":34,"column":9},"end":{"line":34,"column":18}},"17":{"start":{"line":35,"column":58},"end":{"line":67,"column":null}},"18":{"start":{"line":37,"column":12},"end":{"line":37,"column":64}},"19":{"start":{"line":38,"column":19},"end":{"line":38,"column":null}},"20":{"start":{"line":38,"column":12},"end":{"line":38,"column":null}},"21":{"start":{"line":39,"column":6},"end":{"line":42,"column":10}},"22":{"start":{"line":40,"column":8},"end":{"line":42,"column":10}},"23":{"start":{"line":43,"column":22},"end":{"line":49,"column":null}},"24":{"start":{"line":43,"column":12},"end":{"line":49,"column":null}},"25":{"start":{"line":50,"column":26},"end":{"line":53,"column":null}},"26":{"start":{"line":50,"column":12},"end":{"line":53,"column":null}},"27":{"start":{"line":54,"column":12},"end":{"line":54,"column":102}},"28":{"start":{"line":55,"column":6},"end":{"line":55,"column":46}},"29":{"start":{"line":56,"column":12},"end":{"line":60,"column":8}},"30":{"start":{"line":62,"column":6},"end":{"line":66,"column":9}},"31":{"start":{"line":70,"column":9},"end":{"line":70,"column":17}},"32":{"start":{"line":71,"column":58},"end":{"line":87,"column":null}},"33":{"start":{"line":72,"column":12},"end":{"line":72,"column":34}},"34":{"start":{"line":73,"column":6},"end":{"line":73,"column":28}},"35":{"start":{"line":74,"column":6},"end":{"line":75,"column":76}},"36":{"start":{"line":75,"column":8},"end":{"line":75,"column":76}},"37":{"start":{"line":76,"column":19},"end":{"line":76,"column":null}},"38":{"start":{"line":76,"column":12},"end":{"line":76,"column":null}},"39":{"start":{"line":77,"column":10},"end":{"line":77,"column":19}},"40":{"start":{"line":77,"column":10},"end":{"line":77,"column":11}},"41":{"start":{"line":77,"column":21},"end":{"line":77,"column":71}},"42":{"start":{"line":77,"column":19},"end":{"line":77,"column":null}},"43":{"start":{"line":77,"column":6},"end":{"line":78,"column":76}},"44":{"start":{"line":78,"column":8},"end":{"line":78,"column":76}},"45":{"start":{"line":79,"column":12},"end":{"line":79,"column":50}},"46":{"start":{"line":80,"column":6},"end":{"line":86,"column":9}},"47":{"start":{"line":89,"column":9},"end":{"line":89,"column":25}},"48":{"start":{"line":90,"column":71},"end":{"line":110,"column":null}},"49":{"start":{"line":91,"column":12},"end":{"line":91,"column":54}},"50":{"start":{"line":92,"column":6},"end":{"line":94,"column":7}},"51":{"start":{"line":93,"column":8},"end":{"line":93,"column":75}},"52":{"start":{"line":95,"column":12},"end":{"line":95,"column":48}},"53":{"start":{"line":96,"column":6},"end":{"line":99,"column":10}},"54":{"start":{"line":97,"column":8},"end":{"line":99,"column":10}},"55":{"start":{"line":101,"column":12},"end":{"line":104,"column":15}},"56":{"start":{"line":105,"column":24},"end":{"line":105,"column":null}},"57":{"start":{"line":105,"column":12},"end":{"line":105,"column":null}},"58":{"start":{"line":106,"column":6},"end":{"line":106,"column":79}},"59":{"start":{"line":106,"column":22},"end":{"line":106,"column":79}},"60":{"start":{"line":108,"column":6},"end":{"line":108,"column":27}},"61":{"start":{"line":109,"column":6},"end":{"line":109,"column":13}},"62":{"start":{"line":112,"column":9},"end":{"line":112,"column":22}},"63":{"start":{"line":113,"column":71},"end":{"line":123,"column":null}},"64":{"start":{"line":114,"column":6},"end":{"line":120,"column":10}},"65":{"start":{"line":115,"column":8},"end":{"line":120,"column":10}},"66":{"start":{"line":122,"column":6},"end":{"line":122,"column":13}},"67":{"start":{"line":125,"column":0},"end":{"line":125,"column":null}},"68":{"start":{"line":33,"column":21},"end":{"line":33,"column":null}}},"fnMap":{"0":{"name":"(anonymous_16)","decl":{"start":{"line":27,"column":27},"end":{"line":27,"column":null}},"loc":{"start":{"line":29,"column":28},"end":{"line":32,"column":2}}},"1":{"name":"(anonymous_17)","decl":{"start":{"line":29,"column":28},"end":{"line":29,"column":null}},"loc":{"start":{"line":29,"column":28},"end":{"line":32,"column":2}}},"2":{"name":"(anonymous_19)","decl":{"start":{"line":33,"column":0},"end":{"line":33,"column":21}},"loc":{"start":{"line":33,"column":0},"end":{"line":33,"column":21}}},"3":{"name":"(anonymous_21)","decl":{"start":{"line":35,"column":4},"end":{"line":35,"column":11}},"loc":{"start":{"line":35,"column":58},"end":{"line":67,"column":null}}},"4":{"name":"(anonymous_22)","decl":{"start":{"line":35,"column":58},"end":{"line":35,"column":null}},"loc":{"start":{"line":35,"column":58},"end":{"line":67,"column":null}}},"5":{"name":"(anonymous_24)","decl":{"start":{"line":71,"column":4},"end":{"line":71,"column":11}},"loc":{"start":{"line":71,"column":58},"end":{"line":87,"column":null}}},"6":{"name":"(anonymous_25)","decl":{"start":{"line":71,"column":58},"end":{"line":71,"column":null}},"loc":{"start":{"line":71,"column":58},"end":{"line":87,"column":null}}},"7":{"name":"(anonymous_27)","decl":{"start":{"line":90,"column":4},"end":{"line":90,"column":11}},"loc":{"start":{"line":90,"column":71},"end":{"line":110,"column":null}}},"8":{"name":"(anonymous_28)","decl":{"start":{"line":90,"column":71},"end":{"line":90,"column":null}},"loc":{"start":{"line":90,"column":71},"end":{"line":110,"column":null}}},"9":{"name":"(anonymous_30)","decl":{"start":{"line":113,"column":4},"end":{"line":113,"column":11}},"loc":{"start":{"line":113,"column":71},"end":{"line":123,"column":null}}},"10":{"name":"(anonymous_31)","decl":{"start":{"line":113,"column":71},"end":{"line":113,"column":null}},"loc":{"start":{"line":113,"column":71},"end":{"line":123,"column":null}}}},"branchMap":{"0":{"loc":{"start":{"line":31,"column":9},"end":{"line":31,"column":65}},"type":"switch","locations":[{"start":{"line":31,"column":9},"end":{"line":31,"column":65}},{"start":{"line":31,"column":2},"end":{"line":31,"column":65}}]},"1":{"loc":{"start":{"line":39,"column":6},"end":{"line":42,"column":10}},"type":"if","locations":[{"start":{"line":39,"column":6},"end":{"line":42,"column":10}}]},"2":{"loc":{"start":{"line":74,"column":6},"end":{"line":75,"column":76}},"type":"if","locations":[{"start":{"line":74,"column":6},"end":{"line":75,"column":76}}]},"3":{"loc":{"start":{"line":74,"column":10},"end":{"line":74,"column":29}},"type":"binary-expr","locations":[{"start":{"line":74,"column":10},"end":{"line":74,"column":16}},{"start":{"line":74,"column":20},"end":{"line":74,"column":29}}]},"4":{"loc":{"start":{"line":77,"column":10},"end":{"line":77,"column":11}},"type":"if","locations":[{"start":{"line":77,"column":10},"end":{"line":77,"column":11}}]},"5":{"loc":{"start":{"line":77,"column":6},"end":{"line":78,"column":76}},"type":"if","locations":[{"start":{"line":77,"column":6},"end":{"line":78,"column":76}}]},"6":{"loc":{"start":{"line":92,"column":6},"end":{"line":94,"column":7}},"type":"if","locations":[{"start":{"line":92,"column":6},"end":{"line":94,"column":7}}]},"7":{"loc":{"start":{"line":96,"column":6},"end":{"line":99,"column":10}},"type":"if","locations":[{"start":{"line":96,"column":6},"end":{"line":99,"column":10}}]},"8":{"loc":{"start":{"line":106,"column":6},"end":{"line":106,"column":79}},"type":"if","locations":[{"start":{"line":106,"column":6},"end":{"line":106,"column":79}}]},"9":{"loc":{"start":{"line":114,"column":6},"end":{"line":120,"column":10}},"type":"if","locations":[{"start":{"line":114,"column":6},"end":{"line":120,"column":10}}]}},"s":{"0":2,"1":2,"2":2,"3":2,"4":2,"5":2,"6":2,"7":2,"8":2,"9":2,"10":2,"11":2,"12":0,"13":0,"14":0,"15":2,"16":2,"17":1,"18":1,"19":1,"20":1,"21":1,"22":0,"23":1,"24":1,"25":1,"26":0,"27":0,"28":0,"29":0,"30":0,"31":2,"32":1,"33":1,"34":1,"35":1,"36":0,"37":1,"38":0,"39":0,"40":0,"41":0,"42":0,"43":0,"44":0,"45":0,"46":0,"47":2,"48":0,"49":0,"50":0,"51":0,"52":0,"53":0,"54":0,"55":0,"56":0,"57":0,"58":0,"59":0,"60":0,"61":0,"62":2,"63":0,"64":0,"65":0,"66":0,"67":2,"68":2},"f":{"0":0,"1":0,"2":2,"3":1,"4":1,"5":1,"6":1,"7":0,"8":0,"9":0,"10":0},"b":{"0":[0,0],"1":[0],"2":[0],"3":[1,1],"4":[0],"5":[0],"6":[0],"7":[0],"8":[0],"9":[0]}}
,"C:\\Users\\user\\OneDrive\\Desktop\\ATLP\\ATLP\\BACKEND\\portfolio\\my_brand_backend\\src\\controllers\\blogController.ts": {"path":"C:\\Users\\user\\OneDrive\\Desktop\\ATLP\\ATLP\\BACKEND\\portfolio\\my_brand_backend\\src\\controllers\\blogController.ts","statementMap":{"0":{"start":{"line":3,"column":0},"end":{"line":3,"column":24}},"1":{"start":{"line":4,"column":0},"end":{"line":4,"column":45}},"2":{"start":{"line":5,"column":0},"end":{"line":5,"column":41}},"3":{"start":{"line":6,"column":0},"end":{"line":6,"column":39}},"4":{"start":{"line":8,"column":0},"end":{"line":8,"column":45}},"5":{"start":{"line":9,"column":0},"end":{"line":9,"column":20}},"6":{"start":{"line":11,"column":0},"end":{"line":11,"column":21}},"7":{"start":{"line":12,"column":9},"end":{"line":12,"column":23}},"8":{"start":{"line":13,"column":58},"end":{"line":23,"column":null}},"9":{"start":{"line":14,"column":20},"end":{"line":17,"column":null}},"10":{"start":{"line":14,"column":12},"end":{"line":17,"column":null}},"11":{"start":{"line":18,"column":6},"end":{"line":22,"column":9}},"12":{"start":{"line":26,"column":9},"end":{"line":26,"column":22}},"13":{"start":{"line":27,"column":58},"end":{"line":42,"column":null}},"14":{"start":{"line":28,"column":6},"end":{"line":28,"column":36}},"15":{"start":{"line":29,"column":26},"end":{"line":29,"column":null}},"16":{"start":{"line":29,"column":12},"end":{"line":29,"column":null}},"17":{"start":{"line":31,"column":22},"end":{"line":37,"column":null}},"18":{"start":{"line":31,"column":12},"end":{"line":37,"column":null}},"19":{"start":{"line":38,"column":6},"end":{"line":41,"column":9}},"20":{"start":{"line":44,"column":9},"end":{"line":44,"column":22}},"21":{"start":{"line":45,"column":58},"end":{"line":58,"column":null}},"22":{"start":{"line":46,"column":12},"end":{"line":46,"column":31}},"23":{"start":{"line":47,"column":19},"end":{"line":50,"column":null}},"24":{"start":{"line":47,"column":12},"end":{"line":50,"column":null}},"25":{"start":{"line":51,"column":6},"end":{"line":53,"column":7}},"26":{"start":{"line":52,"column":8},"end":{"line":52,"column":70}},"27":{"start":{"line":54,"column":6},"end":{"line":57,"column":9}},"28":{"start":{"line":60,"column":9},"end":{"line":60,"column":22}},"29":{"start":{"line":61,"column":58},"end":{"line":93,"column":null}},"30":{"start":{"line":63,"column":19},"end":{"line":63,"column":null}},"31":{"start":{"line":63,"column":12},"end":{"line":63,"column":null}},"32":{"start":{"line":64,"column":6},"end":{"line":68,"column":7}},"33":{"start":{"line":65,"column":8},"end":{"line":67,"column":10}},"34":{"start":{"line":69,"column":10},"end":{"line":69,"column":29}},"35":{"start":{"line":70,"column":12},"end":{"line":70,"column":31}},"36":{"start":{"line":71,"column":25},"end":{"line":71,"column":null}},"37":{"start":{"line":71,"column":12},"end":{"line":71,"column":null}},"38":{"start":{"line":72,"column":12},"end":{"line":75,"column":8}},"39":{"start":{"line":76,"column":6},"end":{"line":87,"column":7}},"40":{"start":{"line":77,"column":8},"end":{"line":77,"column":43}},"41":{"start":{"line":79,"column":8},"end":{"line":86,"column":11}},"42":{"start":{"line":80,"column":10},"end":{"line":85,"column":11}},"43":{"start":{"line":81,"column":12},"end":{"line":81,"column":33}},"44":{"start":{"line":82,"column":12},"end":{"line":82,"column":68}},"45":{"start":{"line":84,"column":12},"end":{"line":84,"column":57}},"46":{"start":{"line":88,"column":6},"end":{"line":92,"column":9}},"47":{"start":{"line":95,"column":9},"end":{"line":95,"column":19}},"48":{"start":{"line":96,"column":58},"end":{"line":109,"column":null}},"49":{"start":{"line":97,"column":12},"end":{"line":97,"column":31}},"50":{"start":{"line":98,"column":19},"end":{"line":101,"column":null}},"51":{"start":{"line":98,"column":12},"end":{"line":101,"column":null}},"52":{"start":{"line":102,"column":6},"end":{"line":104,"column":7}},"53":{"start":{"line":103,"column":8},"end":{"line":103,"column":74}},"54":{"start":{"line":105,"column":6},"end":{"line":108,"column":9}},"55":{"start":{"line":111,"column":0},"end":{"line":111,"column":null}},"56":{"start":{"line":11,"column":21},"end":{"line":11,"column":null}}},"fnMap":{"0":{"name":"(anonymous_14)","decl":{"start":{"line":11,"column":0},"end":{"line":11,"column":21}},"loc":{"start":{"line":11,"column":0},"end":{"line":11,"column":21}}},"1":{"name":"(anonymous_16)","decl":{"start":{"line":13,"column":4},"end":{"line":13,"column":11}},"loc":{"start":{"line":13,"column":58},"end":{"line":23,"column":null}}},"2":{"name":"(anonymous_17)","decl":{"start":{"line":13,"column":58},"end":{"line":13,"column":null}},"loc":{"start":{"line":13,"column":58},"end":{"line":23,"column":null}}},"3":{"name":"(anonymous_19)","decl":{"start":{"line":27,"column":4},"end":{"line":27,"column":11}},"loc":{"start":{"line":27,"column":58},"end":{"line":42,"column":null}}},"4":{"name":"(anonymous_20)","decl":{"start":{"line":27,"column":58},"end":{"line":27,"column":null}},"loc":{"start":{"line":27,"column":58},"end":{"line":42,"column":null}}},"5":{"name":"(anonymous_22)","decl":{"start":{"line":45,"column":4},"end":{"line":45,"column":11}},"loc":{"start":{"line":45,"column":58},"end":{"line":58,"column":null}}},"6":{"name":"(anonymous_23)","decl":{"start":{"line":45,"column":58},"end":{"line":45,"column":null}},"loc":{"start":{"line":45,"column":58},"end":{"line":58,"column":null}}},"7":{"name":"(anonymous_25)","decl":{"start":{"line":61,"column":4},"end":{"line":61,"column":11}},"loc":{"start":{"line":61,"column":58},"end":{"line":93,"column":null}}},"8":{"name":"(anonymous_26)","decl":{"start":{"line":61,"column":58},"end":{"line":61,"column":null}},"loc":{"start":{"line":61,"column":58},"end":{"line":93,"column":null}}},"9":{"name":"(anonymous_28)","decl":{"start":{"line":79,"column":28},"end":{"line":79,"column":29}},"loc":{"start":{"line":79,"column":32},"end":{"line":86,"column":9}}},"10":{"name":"(anonymous_29)","decl":{"start":{"line":96,"column":4},"end":{"line":96,"column":11}},"loc":{"start":{"line":96,"column":58},"end":{"line":109,"column":null}}},"11":{"name":"(anonymous_30)","decl":{"start":{"line":96,"column":58},"end":{"line":96,"column":null}},"loc":{"start":{"line":96,"column":58},"end":{"line":109,"column":null}}}},"branchMap":{"0":{"loc":{"start":{"line":14,"column":20},"end":{"line":17,"column":null}},"type":"switch","locations":[{"start":{"line":14,"column":20},"end":{"line":17,"column":null}}]},"1":{"loc":{"start":{"line":35,"column":18},"end":{"line":35,"column":42}},"type":"binary-expr","locations":[{"start":{"line":35,"column":18},"end":{"line":35,"column":36}},{"start":{"line":35,"column":40},"end":{"line":35,"column":42}}]},"2":{"loc":{"start":{"line":35,"column":18},"end":{"line":35,"column":36}},"type":"cond-expr","locations":[{"start":{"line":35,"column":26},"end":{"line":35,"column":28}},{"start":{"line":35,"column":26},"end":{"line":35,"column":36}}]},"3":{"loc":{"start":{"line":35,"column":18},"end":{"line":35,"column":28}},"type":"binary-expr","locations":[{"start":{"line":35,"column":18},"end":{"line":35,"column":28}},{"start":{"line":35,"column":26},"end":{"line":35,"column":28}}]},"4":{"loc":{"start":{"line":51,"column":6},"end":{"line":53,"column":7}},"type":"if","locations":[{"start":{"line":51,"column":6},"end":{"line":53,"column":7}}]},"5":{"loc":{"start":{"line":63,"column":19},"end":{"line":63,"column":null}},"type":"switch","locations":[{"start":{"line":63,"column":19},"end":{"line":63,"column":null}}]},"6":{"loc":{"start":{"line":64,"column":6},"end":{"line":68,"column":7}},"type":"if","locations":[{"start":{"line":64,"column":6},"end":{"line":68,"column":7}}]},"7":{"loc":{"start":{"line":74,"column":28},"end":{"line":74,"column":48}},"type":"cond-expr","locations":[{"start":{"line":74,"column":38},"end":{"line":74,"column":40}},{"start":{"line":74,"column":28},"end":{"line":74,"column":48}}]},"8":{"loc":{"start":{"line":74,"column":28},"end":{"line":74,"column":40}},"type":"binary-expr","locations":[{"start":{"line":74,"column":28},"end":{"line":74,"column":40}},{"start":{"line":74,"column":28},"end":{"line":74,"column":40}}]},"9":{"loc":{"start":{"line":76,"column":6},"end":{"line":87,"column":7}},"type":"if","locations":[{"start":{"line":76,"column":6},"end":{"line":87,"column":7}},{"start":{"line":78,"column":13},"end":{"line":87,"column":7}}]},"10":{"loc":{"start":{"line":80,"column":10},"end":{"line":85,"column":11}},"type":"if","locations":[{"start":{"line":80,"column":10},"end":{"line":85,"column":11}},{"start":{"line":83,"column":17},"end":{"line":85,"column":11}}]},"11":{"loc":{"start":{"line":102,"column":6},"end":{"line":104,"column":7}},"type":"if","locations":[{"start":{"line":102,"column":6},"end":{"line":104,"column":7}}]}},"s":{"0":1,"1":1,"2":1,"3":1,"4":1,"5":1,"6":1,"7":1,"8":0,"9":0,"10":0,"11":0,"12":1,"13":0,"14":0,"15":0,"16":0,"17":0,"18":0,"19":0,"20":1,"21":0,"22":0,"23":0,"24":0,"25":0,"26":0,"27":0,"28":1,"29":0,"30":0,"31":0,"32":0,"33":0,"34":0,"35":0,"36":0,"37":0,"38":0,"39":0,"40":0,"41":0,"42":0,"43":0,"44":0,"45":0,"46":0,"47":1,"48":0,"49":0,"50":0,"51":0,"52":0,"53":0,"54":0,"55":1,"56":1},"f":{"0":1,"1":0,"2":0,"3":0,"4":0,"5":0,"6":0,"7":0,"8":0,"9":0,"10":0,"11":0},"b":{"0":[0],"1":[0,0],"2":[0,0],"3":[0,0],"4":[0],"5":[0],"6":[0],"7":[0,0],"8":[0,0],"9":[0,0],"10":[0,0],"11":[0]}}
,"C:\\Users\\user\\OneDrive\\Desktop\\ATLP\\ATLP\\BACKEND\\portfolio\\my_brand_backend\\src\\controllers\\comment.controller.ts": {"path":"C:\\Users\\user\\OneDrive\\Desktop\\ATLP\\ATLP\\BACKEND\\portfolio\\my_brand_backend\\src\\controllers\\comment.controller.ts","statementMap":{"0":{"start":{"line":2,"column":0},"end":{"line":2,"column":45}},"1":{"start":{"line":3,"column":0},"end":{"line":3,"column":41}},"2":{"start":{"line":4,"column":0},"end":{"line":4,"column":52}},"3":{"start":{"line":6,"column":0},"end":{"line":6,"column":21}},"4":{"start":{"line":7,"column":9},"end":{"line":7,"column":26}},"5":{"start":{"line":8,"column":58},"end":{"line":16,"column":null}},"6":{"start":{"line":9,"column":23},"end":{"line":9,"column":null}},"7":{"start":{"line":9,"column":12},"end":{"line":9,"column":null}},"8":{"start":{"line":10,"column":6},"end":{"line":10,"column":72}},"9":{"start":{"line":10,"column":21},"end":{"line":10,"column":72}},"10":{"start":{"line":11,"column":6},"end":{"line":15,"column":9}},"11":{"start":{"line":19,"column":9},"end":{"line":19,"column":25}},"12":{"start":{"line":20,"column":58},"end":{"line":29,"column":null}},"13":{"start":{"line":23,"column":25},"end":{"line":23,"column":null}},"14":{"start":{"line":23,"column":12},"end":{"line":23,"column":null}},"15":{"start":{"line":25,"column":6},"end":{"line":28,"column":9}},"16":{"start":{"line":31,"column":9},"end":{"line":31,"column":25}},"17":{"start":{"line":32,"column":58},"end":{"line":45,"column":null}},"18":{"start":{"line":33,"column":12},"end":{"line":33,"column":31}},"19":{"start":{"line":34,"column":22},"end":{"line":37,"column":null}},"20":{"start":{"line":34,"column":12},"end":{"line":37,"column":null}},"21":{"start":{"line":38,"column":6},"end":{"line":40,"column":7}},"22":{"start":{"line":39,"column":8},"end":{"line":39,"column":59}},"23":{"start":{"line":41,"column":6},"end":{"line":44,"column":9}},"24":{"start":{"line":47,"column":9},"end":{"line":47,"column":25}},"25":{"start":{"line":48,"column":58},"end":{"line":57,"column":null}},"26":{"start":{"line":49,"column":22},"end":{"line":49,"column":null}},"27":{"start":{"line":49,"column":12},"end":{"line":49,"column":null}},"28":{"start":{"line":50,"column":6},"end":{"line":52,"column":7}},"29":{"start":{"line":51,"column":8},"end":{"line":51,"column":59}},"30":{"start":{"line":53,"column":6},"end":{"line":56,"column":9}},"31":{"start":{"line":59,"column":9},"end":{"line":59,"column":22}},"32":{"start":{"line":60,"column":58},"end":{"line":70,"column":null}},"33":{"start":{"line":61,"column":12},"end":{"line":61,"column":31}},"34":{"start":{"line":62,"column":22},"end":{"line":62,"column":null}},"35":{"start":{"line":62,"column":12},"end":{"line":62,"column":null}},"36":{"start":{"line":63,"column":6},"end":{"line":65,"column":7}},"37":{"start":{"line":64,"column":8},"end":{"line":64,"column":59}},"38":{"start":{"line":66,"column":6},"end":{"line":69,"column":9}},"39":{"start":{"line":72,"column":0},"end":{"line":72,"column":null}},"40":{"start":{"line":6,"column":21},"end":{"line":6,"column":null}}},"fnMap":{"0":{"name":"(anonymous_14)","decl":{"start":{"line":6,"column":0},"end":{"line":6,"column":21}},"loc":{"start":{"line":6,"column":0},"end":{"line":6,"column":21}}},"1":{"name":"(anonymous_16)","decl":{"start":{"line":8,"column":4},"end":{"line":8,"column":11}},"loc":{"start":{"line":8,"column":58},"end":{"line":16,"column":null}}},"2":{"name":"(anonymous_17)","decl":{"start":{"line":8,"column":58},"end":{"line":8,"column":null}},"loc":{"start":{"line":8,"column":58},"end":{"line":16,"column":null}}},"3":{"name":"(anonymous_19)","decl":{"start":{"line":20,"column":4},"end":{"line":20,"column":11}},"loc":{"start":{"line":20,"column":58},"end":{"line":29,"column":null}}},"4":{"name":"(anonymous_20)","decl":{"start":{"line":20,"column":58},"end":{"line":20,"column":null}},"loc":{"start":{"line":20,"column":58},"end":{"line":29,"column":null}}},"5":{"name":"(anonymous_22)","decl":{"start":{"line":32,"column":4},"end":{"line":32,"column":11}},"loc":{"start":{"line":32,"column":58},"end":{"line":45,"column":null}}},"6":{"name":"(anonymous_23)","decl":{"start":{"line":32,"column":58},"end":{"line":32,"column":null}},"loc":{"start":{"line":32,"column":58},"end":{"line":45,"column":null}}},"7":{"name":"(anonymous_25)","decl":{"start":{"line":48,"column":4},"end":{"line":48,"column":11}},"loc":{"start":{"line":48,"column":58},"end":{"line":57,"column":null}}},"8":{"name":"(anonymous_26)","decl":{"start":{"line":48,"column":58},"end":{"line":48,"column":null}},"loc":{"start":{"line":48,"column":58},"end":{"line":57,"column":null}}},"9":{"name":"(anonymous_28)","decl":{"start":{"line":60,"column":4},"end":{"line":60,"column":11}},"loc":{"start":{"line":60,"column":58},"end":{"line":70,"column":null}}},"10":{"name":"(anonymous_29)","decl":{"start":{"line":60,"column":58},"end":{"line":60,"column":null}},"loc":{"start":{"line":60,"column":58},"end":{"line":70,"column":null}}}},"branchMap":{"0":{"loc":{"start":{"line":9,"column":23},"end":{"line":9,"column":null}},"type":"switch","locations":[{"start":{"line":9,"column":23},"end":{"line":9,"column":null}}]},"1":{"loc":{"start":{"line":10,"column":6},"end":{"line":10,"column":72}},"type":"if","locations":[{"start":{"line":10,"column":6},"end":{"line":10,"column":72}}]},"2":{"loc":{"start":{"line":23,"column":25},"end":{"line":23,"column":null}},"type":"switch","locations":[{"start":{"line":23,"column":25},"end":{"line":23,"column":null}}]},"3":{"loc":{"start":{"line":38,"column":6},"end":{"line":40,"column":7}},"type":"if","locations":[{"start":{"line":38,"column":6},"end":{"line":40,"column":7}}]},"4":{"loc":{"start":{"line":49,"column":22},"end":{"line":49,"column":null}},"type":"switch","locations":[{"start":{"line":49,"column":22},"end":{"line":49,"column":null}}]},"5":{"loc":{"start":{"line":50,"column":6},"end":{"line":52,"column":7}},"type":"if","locations":[{"start":{"line":50,"column":6},"end":{"line":52,"column":7}}]},"6":{"loc":{"start":{"line":63,"column":6},"end":{"line":65,"column":7}},"type":"if","locations":[{"start":{"line":63,"column":6},"end":{"line":65,"column":7}}]}},"s":{"0":0,"1":0,"2":0,"3":0,"4":0,"5":0,"6":0,"7":0,"8":0,"9":0,"10":0,"11":0,"12":0,"13":0,"14":0,"15":0,"16":0,"17":0,"18":0,"19":0,"20":0,"21":0,"22":0,"23":0,"24":0,"25":0,"26":0,"27":0,"28":0,"29":0,"30":0,"31":0,"32":0,"33":0,"34":0,"35":0,"36":0,"37":0,"38":0,"39":0,"40":0},"f":{"0":0,"1":0,"2":0,"3":0,"4":0,"5":0,"6":0,"7":0,"8":0,"9":0,"10":0},"b":{"0":[0],"1":[0],"2":[0],"3":[0],"4":[0],"5":[0],"6":[0]}}
,"C:\\Users\\user\\OneDrive\\Desktop\\ATLP\\ATLP\\BACKEND\\portfolio\\my_brand_backend\\src\\controllers\\errorController.ts": {"path":"C:\\Users\\user\\OneDrive\\Desktop\\ATLP\\ATLP\\BACKEND\\portfolio\\my_brand_backend\\src\\controllers\\errorController.ts","statementMap":{"0":{"start":{"line":5,"column":0},"end":{"line":5,"column":21}},"1":{"start":{"line":6,"column":9},"end":{"line":48,"column":4}},"2":{"start":{"line":12,"column":4},"end":{"line":12,"column":43}},"3":{"start":{"line":13,"column":4},"end":{"line":13,"column":39}},"4":{"start":{"line":14,"column":20},"end":{"line":14,"column":37}},"5":{"start":{"line":15,"column":4},"end":{"line":22,"column":5}},"6":{"start":{"line":16,"column":15},"end":{"line":16,"column":28}},"7":{"start":{"line":17,"column":6},"end":{"line":21,"column":9}},"8":{"start":{"line":19,"column":23},"end":{"line":19,"column":34}},"9":{"start":{"line":23,"column":4},"end":{"line":28,"column":5}},"10":{"start":{"line":24,"column":6},"end":{"line":27,"column":9}},"11":{"start":{"line":29,"column":4},"end":{"line":32,"column":9}},"12":{"start":{"line":30,"column":6},"end":{"line":32,"column":9}},"13":{"start":{"line":33,"column":4},"end":{"line":36,"column":9}},"14":{"start":{"line":34,"column":6},"end":{"line":36,"column":9}},"15":{"start":{"line":37,"column":4},"end":{"line":41,"column":9}},"16":{"start":{"line":38,"column":6},"end":{"line":41,"column":9}},"17":{"start":{"line":42,"column":4},"end":{"line":47,"column":7}},"18":{"start":{"line":49,"column":0},"end":{"line":49,"column":null}},"19":{"start":{"line":5,"column":21},"end":{"line":5,"column":null}}},"fnMap":{"0":{"name":"(anonymous_2)","decl":{"start":{"line":5,"column":0},"end":{"line":5,"column":21}},"loc":{"start":{"line":5,"column":0},"end":{"line":5,"column":21}}},"1":{"name":"(anonymous_4)","decl":{"start":{"line":6,"column":24},"end":{"line":6,"column":null}},"loc":{"start":{"line":10,"column":22},"end":{"line":48,"column":3}}},"2":{"name":"(anonymous_5)","decl":{"start":{"line":19,"column":15},"end":{"line":19,"column":16}},"loc":{"start":{"line":19,"column":18},"end":{"line":19,"column":25}}}},"branchMap":{"0":{"loc":{"start":{"line":12,"column":21},"end":{"line":12,"column":42}},"type":"binary-expr","locations":[{"start":{"line":12,"column":21},"end":{"line":12,"column":35}},{"start":{"line":12,"column":39},"end":{"line":12,"column":42}}]},"1":{"loc":{"start":{"line":13,"column":17},"end":{"line":13,"column":38}},"type":"binary-expr","locations":[{"start":{"line":13,"column":17},"end":{"line":13,"column":27}},{"start":{"line":13,"column":31},"end":{"line":13,"column":38}}]},"2":{"loc":{"start":{"line":15,"column":4},"end":{"line":22,"column":5}},"type":"if","locations":[{"start":{"line":15,"column":4},"end":{"line":22,"column":5}}]},"3":{"loc":{"start":{"line":23,"column":4},"end":{"line":28,"column":5}},"type":"if","locations":[{"start":{"line":23,"column":4},"end":{"line":28,"column":5}}]},"4":{"loc":{"start":{"line":29,"column":4},"end":{"line":32,"column":9}},"type":"if","locations":[{"start":{"line":29,"column":4},"end":{"line":32,"column":9}}]},"5":{"loc":{"start":{"line":33,"column":4},"end":{"line":36,"column":9}},"type":"if","locations":[{"start":{"line":33,"column":4},"end":{"line":36,"column":9}}]},"6":{"loc":{"start":{"line":37,"column":4},"end":{"line":41,"column":9}},"type":"if","locations":[{"start":{"line":37,"column":4},"end":{"line":41,"column":9}}]}},"s":{"0":1,"1":1,"2":1,"3":1,"4":1,"5":1,"6":0,"7":0,"8":0,"9":1,"10":0,"11":1,"12":0,"13":1,"14":0,"15":1,"16":0,"17":1,"18":1,"19":1},"f":{"0":1,"1":1,"2":0},"b":{"0":[1,1],"1":[1,1],"2":[0],"3":[0],"4":[0],"5":[0],"6":[0]}}
,"C:\\Users\\user\\OneDrive\\Desktop\\ATLP\\ATLP\\BACKEND\\portfolio\\my_brand_backend\\src\\controllers\\message.controller.ts": {"path":"C:\\Users\\user\\OneDrive\\Desktop\\ATLP\\ATLP\\BACKEND\\portfolio\\my_brand_backend\\src\\controllers\\message.controller.ts","statementMap":{"0":{"start":{"line":2,"column":0},"end":{"line":2,"column":45}},"1":{"start":{"line":3,"column":0},"end":{"line":3,"column":41}},"2":{"start":{"line":4,"column":0},"end":{"line":4,"column":47}},"3":{"start":{"line":6,"column":0},"end":{"line":6,"column":21}},"4":{"start":{"line":7,"column":9},"end":{"line":7,"column":26}},"5":{"start":{"line":8,"column":58},"end":{"line":16,"column":null}},"6":{"start":{"line":9,"column":23},"end":{"line":9,"column":null}},"7":{"start":{"line":9,"column":12},"end":{"line":9,"column":null}},"8":{"start":{"line":10,"column":6},"end":{"line":10,"column":72}},"9":{"start":{"line":10,"column":21},"end":{"line":10,"column":72}},"10":{"start":{"line":11,"column":6},"end":{"line":15,"column":9}},"11":{"start":{"line":19,"column":9},"end":{"line":19,"column":25}},"12":{"start":{"line":20,"column":58},"end":{"line":29,"column":null}},"13":{"start":{"line":23,"column":25},"end":{"line":23,"column":null}},"14":{"start":{"line":23,"column":12},"end":{"line":23,"column":null}},"15":{"start":{"line":25,"column":6},"end":{"line":28,"column":9}},"16":{"start":{"line":31,"column":9},"end":{"line":31,"column":25}},"17":{"start":{"line":32,"column":58},"end":{"line":45,"column":null}},"18":{"start":{"line":33,"column":12},"end":{"line":33,"column":31}},"19":{"start":{"line":34,"column":22},"end":{"line":37,"column":null}},"20":{"start":{"line":34,"column":12},"end":{"line":37,"column":null}},"21":{"start":{"line":38,"column":6},"end":{"line":40,"column":7}},"22":{"start":{"line":39,"column":8},"end":{"line":39,"column":73}},"23":{"start":{"line":41,"column":6},"end":{"line":44,"column":9}},"24":{"start":{"line":47,"column":9},"end":{"line":47,"column":25}},"25":{"start":{"line":48,"column":58},"end":{"line":59,"column":null}},"26":{"start":{"line":49,"column":22},"end":{"line":49,"column":null}},"27":{"start":{"line":49,"column":12},"end":{"line":49,"column":null}},"28":{"start":{"line":50,"column":6},"end":{"line":54,"column":7}},"29":{"start":{"line":51,"column":8},"end":{"line":53,"column":10}},"30":{"start":{"line":55,"column":6},"end":{"line":58,"column":9}},"31":{"start":{"line":61,"column":9},"end":{"line":61,"column":22}},"32":{"start":{"line":62,"column":58},"end":{"line":72,"column":null}},"33":{"start":{"line":63,"column":12},"end":{"line":63,"column":31}},"34":{"start":{"line":64,"column":22},"end":{"line":64,"column":null}},"35":{"start":{"line":64,"column":12},"end":{"line":64,"column":null}},"36":{"start":{"line":65,"column":6},"end":{"line":67,"column":7}},"37":{"start":{"line":66,"column":8},"end":{"line":66,"column":77}},"38":{"start":{"line":68,"column":6},"end":{"line":71,"column":9}},"39":{"start":{"line":74,"column":0},"end":{"line":74,"column":null}},"40":{"start":{"line":6,"column":21},"end":{"line":6,"column":null}}},"fnMap":{"0":{"name":"(anonymous_14)","decl":{"start":{"line":6,"column":0},"end":{"line":6,"column":21}},"loc":{"start":{"line":6,"column":0},"end":{"line":6,"column":21}}},"1":{"name":"(anonymous_16)","decl":{"start":{"line":8,"column":4},"end":{"line":8,"column":11}},"loc":{"start":{"line":8,"column":58},"end":{"line":16,"column":null}}},"2":{"name":"(anonymous_17)","decl":{"start":{"line":8,"column":58},"end":{"line":8,"column":null}},"loc":{"start":{"line":8,"column":58},"end":{"line":16,"column":null}}},"3":{"name":"(anonymous_19)","decl":{"start":{"line":20,"column":4},"end":{"line":20,"column":11}},"loc":{"start":{"line":20,"column":58},"end":{"line":29,"column":null}}},"4":{"name":"(anonymous_20)","decl":{"start":{"line":20,"column":58},"end":{"line":20,"column":null}},"loc":{"start":{"line":20,"column":58},"end":{"line":29,"column":null}}},"5":{"name":"(anonymous_22)","decl":{"start":{"line":32,"column":4},"end":{"line":32,"column":11}},"loc":{"start":{"line":32,"column":58},"end":{"line":45,"column":null}}},"6":{"name":"(anonymous_23)","decl":{"start":{"line":32,"column":58},"end":{"line":32,"column":null}},"loc":{"start":{"line":32,"column":58},"end":{"line":45,"column":null}}},"7":{"name":"(anonymous_25)","decl":{"start":{"line":48,"column":4},"end":{"line":48,"column":11}},"loc":{"start":{"line":48,"column":58},"end":{"line":59,"column":null}}},"8":{"name":"(anonymous_26)","decl":{"start":{"line":48,"column":58},"end":{"line":48,"column":null}},"loc":{"start":{"line":48,"column":58},"end":{"line":59,"column":null}}},"9":{"name":"(anonymous_28)","decl":{"start":{"line":62,"column":4},"end":{"line":62,"column":11}},"loc":{"start":{"line":62,"column":58},"end":{"line":72,"column":null}}},"10":{"name":"(anonymous_29)","decl":{"start":{"line":62,"column":58},"end":{"line":62,"column":null}},"loc":{"start":{"line":62,"column":58},"end":{"line":72,"column":null}}}},"branchMap":{"0":{"loc":{"start":{"line":9,"column":23},"end":{"line":9,"column":null}},"type":"switch","locations":[{"start":{"line":9,"column":23},"end":{"line":9,"column":null}}]},"1":{"loc":{"start":{"line":10,"column":6},"end":{"line":10,"column":72}},"type":"if","locations":[{"start":{"line":10,"column":6},"end":{"line":10,"column":72}}]},"2":{"loc":{"start":{"line":23,"column":25},"end":{"line":23,"column":null}},"type":"switch","locations":[{"start":{"line":23,"column":25},"end":{"line":23,"column":null}}]},"3":{"loc":{"start":{"line":38,"column":6},"end":{"line":40,"column":7}},"type":"if","locations":[{"start":{"line":38,"column":6},"end":{"line":40,"column":7}}]},"4":{"loc":{"start":{"line":49,"column":22},"end":{"line":49,"column":null}},"type":"switch","locations":[{"start":{"line":49,"column":22},"end":{"line":49,"column":null}}]},"5":{"loc":{"start":{"line":50,"column":6},"end":{"line":54,"column":7}},"type":"if","locations":[{"start":{"line":50,"column":6},"end":{"line":54,"column":7}}]},"6":{"loc":{"start":{"line":65,"column":6},"end":{"line":67,"column":7}},"type":"if","locations":[{"start":{"line":65,"column":6},"end":{"line":67,"column":7}}]}},"s":{"0":1,"1":1,"2":1,"3":1,"4":1,"5":0,"6":0,"7":0,"8":0,"9":0,"10":0,"11":1,"12":0,"13":0,"14":0,"15":0,"16":1,"17":0,"18":0,"19":0,"20":0,"21":0,"22":0,"23":0,"24":1,"25":0,"26":0,"27":0,"28":0,"29":0,"30":0,"31":1,"32":0,"33":0,"34":0,"35":0,"36":0,"37":0,"38":0,"39":1,"40":1},"f":{"0":1,"1":0,"2":0,"3":0,"4":0,"5":0,"6":0,"7":0,"8":0,"9":0,"10":0},"b":{"0":[0],"1":[0],"2":[0],"3":[0],"4":[0],"5":[0],"6":[0]}}
,"C:\\Users\\user\\OneDrive\\Desktop\\ATLP\\ATLP\\BACKEND\\portfolio\\my_brand_backend\\src\\controllers\\portfolio.controller.ts": {"path":"C:\\Users\\user\\OneDrive\\Desktop\\ATLP\\ATLP\\BACKEND\\portfolio\\my_brand_backend\\src\\controllers\\portfolio.controller.ts","statementMap":{"0":{"start":{"line":2,"column":0},"end":{"line":2,"column":45}},"1":{"start":{"line":3,"column":0},"end":{"line":3,"column":41}},"2":{"start":{"line":4,"column":0},"end":{"line":4,"column":45}},"3":{"start":{"line":5,"column":0},"end":{"line":5,"column":53}},"4":{"start":{"line":7,"column":0},"end":{"line":7,"column":21}},"5":{"start":{"line":8,"column":9},"end":{"line":8,"column":28}},"6":{"start":{"line":9,"column":58},"end":{"line":17,"column":null}},"7":{"start":{"line":10,"column":25},"end":{"line":10,"column":null}},"8":{"start":{"line":10,"column":12},"end":{"line":10,"column":null}},"9":{"start":{"line":11,"column":6},"end":{"line":11,"column":76}},"10":{"start":{"line":11,"column":23},"end":{"line":11,"column":76}},"11":{"start":{"line":12,"column":6},"end":{"line":16,"column":9}},"12":{"start":{"line":19,"column":9},"end":{"line":19,"column":27}},"13":{"start":{"line":20,"column":58},"end":{"line":40,"column":null}},"14":{"start":{"line":21,"column":12},"end":{"line":21,"column":34}},"15":{"start":{"line":22,"column":10},"end":{"line":22,"column":13}},"16":{"start":{"line":23,"column":28},"end":{"line":23,"column":null}},"17":{"start":{"line":23,"column":14},"end":{"line":23,"column":null}},"18":{"start":{"line":24,"column":14},"end":{"line":28,"column":11}},"19":{"start":{"line":29,"column":8},"end":{"line":29,"column":34}},"20":{"start":{"line":30,"column":8},"end":{"line":33,"column":11}},"21":{"start":{"line":35,"column":27},"end":{"line":35,"column":null}},"22":{"start":{"line":35,"column":12},"end":{"line":35,"column":null}},"23":{"start":{"line":36,"column":6},"end":{"line":39,"column":9}},"24":{"start":{"line":42,"column":9},"end":{"line":42,"column":27}},"25":{"start":{"line":43,"column":58},"end":{"line":58,"column":null}},"26":{"start":{"line":44,"column":24},"end":{"line":44,"column":null}},"27":{"start":{"line":44,"column":12},"end":{"line":44,"column":null}},"28":{"start":{"line":45,"column":6},"end":{"line":45,"column":75}},"29":{"start":{"line":45,"column":22},"end":{"line":45,"column":75}},"30":{"start":{"line":46,"column":31},"end":{"line":53,"column":null}},"31":{"start":{"line":46,"column":12},"end":{"line":53,"column":null}},"32":{"start":{"line":54,"column":6},"end":{"line":57,"column":9}},"33":{"start":{"line":60,"column":9},"end":{"line":60,"column":24}},"34":{"start":{"line":61,"column":58},"end":{"line":68,"column":null}},"35":{"start":{"line":62,"column":24},"end":{"line":62,"column":null}},"36":{"start":{"line":62,"column":12},"end":{"line":62,"column":null}},"37":{"start":{"line":63,"column":6},"end":{"line":63,"column":75}},"38":{"start":{"line":63,"column":22},"end":{"line":63,"column":75}},"39":{"start":{"line":64,"column":6},"end":{"line":67,"column":9}},"40":{"start":{"line":70,"column":9},"end":{"line":70,"column":27}},"41":{"start":{"line":71,"column":58},"end":{"line":78,"column":null}},"42":{"start":{"line":72,"column":24},"end":{"line":72,"column":null}},"43":{"start":{"line":72,"column":12},"end":{"line":72,"column":null}},"44":{"start":{"line":73,"column":6},"end":{"line":73,"column":75}},"45":{"start":{"line":73,"column":22},"end":{"line":73,"column":75}},"46":{"start":{"line":74,"column":6},"end":{"line":77,"column":9}},"47":{"start":{"line":80,"column":0},"end":{"line":80,"column":null}},"48":{"start":{"line":7,"column":21},"end":{"line":7,"column":null}}},"fnMap":{"0":{"name":"(anonymous_14)","decl":{"start":{"line":7,"column":0},"end":{"line":7,"column":21}},"loc":{"start":{"line":7,"column":0},"end":{"line":7,"column":21}}},"1":{"name":"(anonymous_16)","decl":{"start":{"line":9,"column":4},"end":{"line":9,"column":11}},"loc":{"start":{"line":9,"column":58},"end":{"line":17,"column":null}}},"2":{"name":"(anonymous_17)","decl":{"start":{"line":9,"column":58},"end":{"line":9,"column":null}},"loc":{"start":{"line":9,"column":58},"end":{"line":17,"column":null}}},"3":{"name":"(anonymous_19)","decl":{"start":{"line":20,"column":4},"end":{"line":20,"column":11}},"loc":{"start":{"line":20,"column":58},"end":{"line":40,"column":null}}},"4":{"name":"(anonymous_20)","decl":{"start":{"line":20,"column":58},"end":{"line":20,"column":null}},"loc":{"start":{"line":20,"column":58},"end":{"line":40,"column":null}}},"5":{"name":"(anonymous_22)","decl":{"start":{"line":43,"column":4},"end":{"line":43,"column":11}},"loc":{"start":{"line":43,"column":58},"end":{"line":58,"column":null}}},"6":{"name":"(anonymous_23)","decl":{"start":{"line":43,"column":58},"end":{"line":43,"column":null}},"loc":{"start":{"line":43,"column":58},"end":{"line":58,"column":null}}},"7":{"name":"(anonymous_25)","decl":{"start":{"line":61,"column":4},"end":{"line":61,"column":11}},"loc":{"start":{"line":61,"column":58},"end":{"line":68,"column":null}}},"8":{"name":"(anonymous_26)","decl":{"start":{"line":61,"column":58},"end":{"line":61,"column":null}},"loc":{"start":{"line":61,"column":58},"end":{"line":68,"column":null}}},"9":{"name":"(anonymous_28)","decl":{"start":{"line":71,"column":4},"end":{"line":71,"column":11}},"loc":{"start":{"line":71,"column":58},"end":{"line":78,"column":null}}},"10":{"name":"(anonymous_29)","decl":{"start":{"line":71,"column":58},"end":{"line":71,"column":null}},"loc":{"start":{"line":71,"column":58},"end":{"line":78,"column":null}}}},"branchMap":{"0":{"loc":{"start":{"line":10,"column":25},"end":{"line":10,"column":null}},"type":"switch","locations":[{"start":{"line":10,"column":25},"end":{"line":10,"column":null}}]},"1":{"loc":{"start":{"line":11,"column":6},"end":{"line":11,"column":76}},"type":"if","locations":[{"start":{"line":11,"column":6},"end":{"line":11,"column":76}}]},"2":{"loc":{"start":{"line":35,"column":27},"end":{"line":35,"column":null}},"type":"switch","locations":[{"start":{"line":35,"column":27},"end":{"line":35,"column":null}}]},"3":{"loc":{"start":{"line":22,"column":10},"end":{"line":22,"column":13}},"type":"if","locations":[{"start":{"line":22,"column":10},"end":{"line":22,"column":13}}]},"4":{"loc":{"start":{"line":44,"column":24},"end":{"line":44,"column":null}},"type":"switch","locations":[{"start":{"line":44,"column":24},"end":{"line":44,"column":null}}]},"5":{"loc":{"start":{"line":45,"column":6},"end":{"line":45,"column":75}},"type":"if","locations":[{"start":{"line":45,"column":6},"end":{"line":45,"column":75}}]},"6":{"loc":{"start":{"line":62,"column":24},"end":{"line":62,"column":null}},"type":"switch","locations":[{"start":{"line":62,"column":24},"end":{"line":62,"column":null}}]},"7":{"loc":{"start":{"line":63,"column":6},"end":{"line":63,"column":75}},"type":"if","locations":[{"start":{"line":63,"column":6},"end":{"line":63,"column":75}}]},"8":{"loc":{"start":{"line":72,"column":24},"end":{"line":72,"column":null}},"type":"switch","locations":[{"start":{"line":72,"column":24},"end":{"line":72,"column":null}}]},"9":{"loc":{"start":{"line":73,"column":6},"end":{"line":73,"column":75}},"type":"if","locations":[{"start":{"line":73,"column":6},"end":{"line":73,"column":75}}]}},"s":{"0":1,"1":1,"2":1,"3":1,"4":1,"5":1,"6":0,"7":0,"8":0,"9":0,"10":0,"11":0,"12":1,"13":0,"14":0,"15":0,"16":0,"17":0,"18":0,"19":0,"20":0,"21":0,"22":0,"23":0,"24":1,"25":0,"26":0,"27":0,"28":0,"29":0,"30":0,"31":0,"32":0,"33":1,"34":0,"35":0,"36":0,"37":0,"38":0,"39":0,"40":1,"41":0,"42":0,"43":0,"44":0,"45":0,"46":0,"47":1,"48":1},"f":{"0":1,"1":0,"2":0,"3":0,"4":0,"5":0,"6":0,"7":0,"8":0,"9":0,"10":0},"b":{"0":[0],"1":[0],"2":[0],"3":[0],"4":[0],"5":[0],"6":[0],"7":[0],"8":[0],"9":[0]}}
,"C:\\Users\\user\\OneDrive\\Desktop\\ATLP\\ATLP\\BACKEND\\portfolio\\my_brand_backend\\src\\controllers\\skills.controller.ts": {"path":"C:\\Users\\user\\OneDrive\\Desktop\\ATLP\\ATLP\\BACKEND\\portfolio\\my_brand_backend\\src\\controllers\\skills.controller.ts","statementMap":{"0":{"start":{"line":2,"column":0},"end":{"line":2,"column":45}},"1":{"start":{"line":3,"column":0},"end":{"line":3,"column":47}},"2":{"start":{"line":4,"column":0},"end":{"line":4,"column":41}},"3":{"start":{"line":5,"column":0},"end":{"line":5,"column":45}},"4":{"start":{"line":7,"column":0},"end":{"line":7,"column":21}},"5":{"start":{"line":8,"column":9},"end":{"line":8,"column":24}},"6":{"start":{"line":9,"column":58},"end":{"line":17,"column":null}},"7":{"start":{"line":10,"column":21},"end":{"line":10,"column":null}},"8":{"start":{"line":10,"column":12},"end":{"line":10,"column":null}},"9":{"start":{"line":11,"column":6},"end":{"line":11,"column":69}},"10":{"start":{"line":11,"column":19},"end":{"line":11,"column":69}},"11":{"start":{"line":12,"column":6},"end":{"line":16,"column":9}},"12":{"start":{"line":19,"column":9},"end":{"line":19,"column":23}},"13":{"start":{"line":20,"column":58},"end":{"line":40,"column":null}},"14":{"start":{"line":21,"column":12},"end":{"line":21,"column":41}},"15":{"start":{"line":22,"column":10},"end":{"line":22,"column":13}},"16":{"start":{"line":23,"column":28},"end":{"line":23,"column":null}},"17":{"start":{"line":23,"column":14},"end":{"line":23,"column":null}},"18":{"start":{"line":24,"column":14},"end":{"line":28,"column":11}},"19":{"start":{"line":29,"column":8},"end":{"line":29,"column":30}},"20":{"start":{"line":30,"column":8},"end":{"line":33,"column":11}},"21":{"start":{"line":35,"column":23},"end":{"line":35,"column":null}},"22":{"start":{"line":35,"column":12},"end":{"line":35,"column":null}},"23":{"start":{"line":36,"column":6},"end":{"line":39,"column":9}},"24":{"start":{"line":42,"column":9},"end":{"line":42,"column":23}},"25":{"start":{"line":43,"column":58},"end":{"line":58,"column":null}},"26":{"start":{"line":44,"column":20},"end":{"line":44,"column":null}},"27":{"start":{"line":44,"column":12},"end":{"line":44,"column":null}},"28":{"start":{"line":45,"column":6},"end":{"line":45,"column":67}},"29":{"start":{"line":45,"column":18},"end":{"line":45,"column":67}},"30":{"start":{"line":46,"column":27},"end":{"line":53,"column":null}},"31":{"start":{"line":46,"column":12},"end":{"line":53,"column":null}},"32":{"start":{"line":54,"column":6},"end":{"line":57,"column":9}},"33":{"start":{"line":60,"column":9},"end":{"line":60,"column":20}},"34":{"start":{"line":61,"column":58},"end":{"line":68,"column":null}},"35":{"start":{"line":62,"column":20},"end":{"line":62,"column":null}},"36":{"start":{"line":62,"column":12},"end":{"line":62,"column":null}},"37":{"start":{"line":63,"column":6},"end":{"line":63,"column":67}},"38":{"start":{"line":63,"column":18},"end":{"line":63,"column":67}},"39":{"start":{"line":64,"column":6},"end":{"line":67,"column":9}},"40":{"start":{"line":70,"column":9},"end":{"line":70,"column":23}},"41":{"start":{"line":71,"column":58},"end":{"line":78,"column":null}},"42":{"start":{"line":72,"column":20},"end":{"line":72,"column":null}},"43":{"start":{"line":72,"column":12},"end":{"line":72,"column":null}},"44":{"start":{"line":73,"column":6},"end":{"line":73,"column":67}},"45":{"start":{"line":73,"column":18},"end":{"line":73,"column":67}},"46":{"start":{"line":74,"column":6},"end":{"line":77,"column":9}},"47":{"start":{"line":80,"column":0},"end":{"line":80,"column":null}},"48":{"start":{"line":7,"column":21},"end":{"line":7,"column":null}}},"fnMap":{"0":{"name":"(anonymous_14)","decl":{"start":{"line":7,"column":0},"end":{"line":7,"column":21}},"loc":{"start":{"line":7,"column":0},"end":{"line":7,"column":21}}},"1":{"name":"(anonymous_16)","decl":{"start":{"line":9,"column":4},"end":{"line":9,"column":11}},"loc":{"start":{"line":9,"column":58},"end":{"line":17,"column":null}}},"2":{"name":"(anonymous_17)","decl":{"start":{"line":9,"column":58},"end":{"line":9,"column":null}},"loc":{"start":{"line":9,"column":58},"end":{"line":17,"column":null}}},"3":{"name":"(anonymous_19)","decl":{"start":{"line":20,"column":4},"end":{"line":20,"column":11}},"loc":{"start":{"line":20,"column":58},"end":{"line":40,"column":null}}},"4":{"name":"(anonymous_20)","decl":{"start":{"line":20,"column":58},"end":{"line":20,"column":null}},"loc":{"start":{"line":20,"column":58},"end":{"line":40,"column":null}}},"5":{"name":"(anonymous_22)","decl":{"start":{"line":43,"column":4},"end":{"line":43,"column":11}},"loc":{"start":{"line":43,"column":58},"end":{"line":58,"column":null}}},"6":{"name":"(anonymous_23)","decl":{"start":{"line":43,"column":58},"end":{"line":43,"column":null}},"loc":{"start":{"line":43,"column":58},"end":{"line":58,"column":null}}},"7":{"name":"(anonymous_25)","decl":{"start":{"line":61,"column":4},"end":{"line":61,"column":11}},"loc":{"start":{"line":61,"column":58},"end":{"line":68,"column":null}}},"8":{"name":"(anonymous_26)","decl":{"start":{"line":61,"column":58},"end":{"line":61,"column":null}},"loc":{"start":{"line":61,"column":58},"end":{"line":68,"column":null}}},"9":{"name":"(anonymous_28)","decl":{"start":{"line":71,"column":4},"end":{"line":71,"column":11}},"loc":{"start":{"line":71,"column":58},"end":{"line":78,"column":null}}},"10":{"name":"(anonymous_29)","decl":{"start":{"line":71,"column":58},"end":{"line":71,"column":null}},"loc":{"start":{"line":71,"column":58},"end":{"line":78,"column":null}}}},"branchMap":{"0":{"loc":{"start":{"line":10,"column":21},"end":{"line":10,"column":null}},"type":"switch","locations":[{"start":{"line":10,"column":21},"end":{"line":10,"column":null}}]},"1":{"loc":{"start":{"line":11,"column":6},"end":{"line":11,"column":69}},"type":"if","locations":[{"start":{"line":11,"column":6},"end":{"line":11,"column":69}}]},"2":{"loc":{"start":{"line":35,"column":23},"end":{"line":35,"column":null}},"type":"switch","locations":[{"start":{"line":35,"column":23},"end":{"line":35,"column":null}}]},"3":{"loc":{"start":{"line":22,"column":10},"end":{"line":22,"column":13}},"type":"if","locations":[{"start":{"line":22,"column":10},"end":{"line":22,"column":13}}]},"4":{"loc":{"start":{"line":44,"column":20},"end":{"line":44,"column":null}},"type":"switch","locations":[{"start":{"line":44,"column":20},"end":{"line":44,"column":null}}]},"5":{"loc":{"start":{"line":45,"column":6},"end":{"line":45,"column":67}},"type":"if","locations":[{"start":{"line":45,"column":6},"end":{"line":45,"column":67}}]},"6":{"loc":{"start":{"line":62,"column":20},"end":{"line":62,"column":null}},"type":"switch","locations":[{"start":{"line":62,"column":20},"end":{"line":62,"column":null}}]},"7":{"loc":{"start":{"line":63,"column":6},"end":{"line":63,"column":67}},"type":"if","locations":[{"start":{"line":63,"column":6},"end":{"line":63,"column":67}}]},"8":{"loc":{"start":{"line":72,"column":20},"end":{"line":72,"column":null}},"type":"switch","locations":[{"start":{"line":72,"column":20},"end":{"line":72,"column":null}}]},"9":{"loc":{"start":{"line":73,"column":6},"end":{"line":73,"column":67}},"type":"if","locations":[{"start":{"line":73,"column":6},"end":{"line":73,"column":67}}]}},"s":{"0":1,"1":1,"2":1,"3":1,"4":1,"5":1,"6":0,"7":0,"8":0,"9":0,"10":0,"11":0,"12":1,"13":0,"14":0,"15":0,"16":0,"17":0,"18":0,"19":0,"20":0,"21":0,"22":0,"23":0,"24":1,"25":0,"26":0,"27":0,"28":0,"29":0,"30":0,"31":0,"32":0,"33":1,"34":0,"35":0,"36":0,"37":0,"38":0,"39":0,"40":1,"41":0,"42":0,"43":0,"44":0,"45":0,"46":0,"47":1,"48":1},"f":{"0":1,"1":0,"2":0,"3":0,"4":0,"5":0,"6":0,"7":0,"8":0,"9":0,"10":0},"b":{"0":[0],"1":[0],"2":[0],"3":[0],"4":[0],"5":[0],"6":[0],"7":[0],"8":[0],"9":[0]}}
,"C:\\Users\\user\\OneDrive\\Desktop\\ATLP\\ATLP\\BACKEND\\portfolio\\my_brand_backend\\src\\controllers\\userController.ts": {"path":"C:\\Users\\user\\OneDrive\\Desktop\\ATLP\\ATLP\\BACKEND\\portfolio\\my_brand_backend\\src\\controllers\\userController.ts","statementMap":{"0":{"start":{"line":2,"column":0},"end":{"line":2,"column":47}},"1":{"start":{"line":3,"column":0},"end":{"line":3,"column":39}},"2":{"start":{"line":4,"column":0},"end":{"line":4,"column":41}},"3":{"start":{"line":5,"column":0},"end":{"line":5,"column":53}},"4":{"start":{"line":7,"column":0},"end":{"line":7,"column":21}},"5":{"start":{"line":8,"column":9},"end":{"line":8,"column":23}},"6":{"start":{"line":9,"column":58},"end":{"line":19,"column":null}},"7":{"start":{"line":10,"column":20},"end":{"line":10,"column":null}},"8":{"start":{"line":10,"column":12},"end":{"line":10,"column":null}},"9":{"start":{"line":11,"column":6},"end":{"line":13,"column":7}},"10":{"start":{"line":12,"column":8},"end":{"line":12,"column":57}},"11":{"start":{"line":14,"column":6},"end":{"line":18,"column":9}},"12":{"start":{"line":22,"column":9},"end":{"line":22,"column":19}},"13":{"start":{"line":23,"column":58},"end":{"line":33,"column":null}},"14":{"start":{"line":24,"column":12},"end":{"line":24,"column":31}},"15":{"start":{"line":25,"column":19},"end":{"line":25,"column":null}},"16":{"start":{"line":25,"column":12},"end":{"line":25,"column":null}},"17":{"start":{"line":26,"column":6},"end":{"line":28,"column":7}},"18":{"start":{"line":27,"column":8},"end":{"line":27,"column":69}},"19":{"start":{"line":29,"column":6},"end":{"line":32,"column":9}},"20":{"start":{"line":36,"column":9},"end":{"line":36,"column":22}},"21":{"start":{"line":37,"column":58},"end":{"line":50,"column":null}},"22":{"start":{"line":38,"column":12},"end":{"line":38,"column":31}},"23":{"start":{"line":39,"column":19},"end":{"line":39,"column":null}},"24":{"start":{"line":39,"column":12},"end":{"line":39,"column":null}},"25":{"start":{"line":40,"column":6},"end":{"line":41,"column":74}},"26":{"start":{"line":41,"column":8},"end":{"line":41,"column":74}},"27":{"start":{"line":42,"column":26},"end":{"line":45,"column":null}},"28":{"start":{"line":42,"column":12},"end":{"line":45,"column":null}},"29":{"start":{"line":46,"column":6},"end":{"line":49,"column":9}},"30":{"start":{"line":53,"column":9},"end":{"line":53,"column":22}},"31":{"start":{"line":54,"column":58},"end":{"line":61,"column":null}},"32":{"start":{"line":55,"column":12},"end":{"line":55,"column":31}},"33":{"start":{"line":56,"column":19},"end":{"line":56,"column":null}},"34":{"start":{"line":56,"column":12},"end":{"line":56,"column":null}},"35":{"start":{"line":57,"column":6},"end":{"line":58,"column":78}},"36":{"start":{"line":58,"column":8},"end":{"line":58,"column":78}},"37":{"start":{"line":59,"column":6},"end":{"line":59,"column":39}},"38":{"start":{"line":60,"column":6},"end":{"line":60,"column":31}},"39":{"start":{"line":64,"column":9},"end":{"line":64,"column":27}},"40":{"start":{"line":65,"column":58},"end":{"line":87,"column":null}},"41":{"start":{"line":66,"column":19},"end":{"line":66,"column":null}},"42":{"start":{"line":66,"column":12},"end":{"line":66,"column":null}},"43":{"start":{"line":67,"column":6},"end":{"line":67,"column":78}},"44":{"start":{"line":67,"column":17},"end":{"line":67,"column":78}},"45":{"start":{"line":68,"column":20},"end":{"line":71,"column":null}},"46":{"start":{"line":68,"column":12},"end":{"line":71,"column":null}},"47":{"start":{"line":72,"column":6},"end":{"line":72,"column":75}},"48":{"start":{"line":72,"column":18},"end":{"line":72,"column":75}},"49":{"start":{"line":73,"column":6},"end":{"line":80,"column":8}},"50":{"start":{"line":81,"column":6},"end":{"line":81,"column":50}},"51":{"start":{"line":83,"column":6},"end":{"line":86,"column":9}},"52":{"start":{"line":89,"column":0},"end":{"line":89,"column":null}},"53":{"start":{"line":7,"column":21},"end":{"line":7,"column":null}}},"fnMap":{"0":{"name":"(anonymous_14)","decl":{"start":{"line":7,"column":0},"end":{"line":7,"column":21}},"loc":{"start":{"line":7,"column":0},"end":{"line":7,"column":21}}},"1":{"name":"(anonymous_16)","decl":{"start":{"line":9,"column":4},"end":{"line":9,"column":11}},"loc":{"start":{"line":9,"column":58},"end":{"line":19,"column":null}}},"2":{"name":"(anonymous_17)","decl":{"start":{"line":9,"column":58},"end":{"line":9,"column":null}},"loc":{"start":{"line":9,"column":58},"end":{"line":19,"column":null}}},"3":{"name":"(anonymous_19)","decl":{"start":{"line":23,"column":4},"end":{"line":23,"column":11}},"loc":{"start":{"line":23,"column":58},"end":{"line":33,"column":null}}},"4":{"name":"(anonymous_20)","decl":{"start":{"line":23,"column":58},"end":{"line":23,"column":null}},"loc":{"start":{"line":23,"column":58},"end":{"line":33,"column":null}}},"5":{"name":"(anonymous_22)","decl":{"start":{"line":37,"column":4},"end":{"line":37,"column":11}},"loc":{"start":{"line":37,"column":58},"end":{"line":50,"column":null}}},"6":{"name":"(anonymous_23)","decl":{"start":{"line":37,"column":58},"end":{"line":37,"column":null}},"loc":{"start":{"line":37,"column":58},"end":{"line":50,"column":null}}},"7":{"name":"(anonymous_25)","decl":{"start":{"line":54,"column":4},"end":{"line":54,"column":11}},"loc":{"start":{"line":54,"column":58},"end":{"line":61,"column":null}}},"8":{"name":"(anonymous_26)","decl":{"start":{"line":54,"column":58},"end":{"line":54,"column":null}},"loc":{"start":{"line":54,"column":58},"end":{"line":61,"column":null}}},"9":{"name":"(anonymous_28)","decl":{"start":{"line":65,"column":4},"end":{"line":65,"column":11}},"loc":{"start":{"line":65,"column":58},"end":{"line":87,"column":null}}},"10":{"name":"(anonymous_29)","decl":{"start":{"line":65,"column":58},"end":{"line":65,"column":null}},"loc":{"start":{"line":65,"column":58},"end":{"line":87,"column":null}}}},"branchMap":{"0":{"loc":{"start":{"line":10,"column":20},"end":{"line":10,"column":null}},"type":"switch","locations":[{"start":{"line":10,"column":20},"end":{"line":10,"column":null}}]},"1":{"loc":{"start":{"line":11,"column":6},"end":{"line":13,"column":7}},"type":"if","locations":[{"start":{"line":11,"column":6},"end":{"line":13,"column":7}}]},"2":{"loc":{"start":{"line":26,"column":6},"end":{"line":28,"column":7}},"type":"if","locations":[{"start":{"line":26,"column":6},"end":{"line":28,"column":7}}]},"3":{"loc":{"start":{"line":40,"column":6},"end":{"line":41,"column":74}},"type":"if","locations":[{"start":{"line":40,"column":6},"end":{"line":41,"column":74}}]},"4":{"loc":{"start":{"line":57,"column":6},"end":{"line":58,"column":78}},"type":"if","locations":[{"start":{"line":57,"column":6},"end":{"line":58,"column":78}}]},"5":{"loc":{"start":{"line":66,"column":19},"end":{"line":66,"column":null}},"type":"switch","locations":[{"start":{"line":66,"column":19},"end":{"line":66,"column":null}}]},"6":{"loc":{"start":{"line":67,"column":6},"end":{"line":67,"column":78}},"type":"if","locations":[{"start":{"line":67,"column":6},"end":{"line":67,"column":78}}]},"7":{"loc":{"start":{"line":72,"column":6},"end":{"line":72,"column":75}},"type":"if","locations":[{"start":{"line":72,"column":6},"end":{"line":72,"column":75}}]}},"s":{"0":1,"1":1,"2":1,"3":1,"4":1,"5":1,"6":0,"7":0,"8":0,"9":0,"10":0,"11":0,"12":1,"13":0,"14":0,"15":0,"16":0,"17":0,"18":0,"19":0,"20":1,"21":0,"22":0,"23":0,"24":0,"25":0,"26":0,"27":0,"28":0,"29":0,"30":1,"31":0,"32":0,"33":0,"34":0,"35":0,"36":0,"37":0,"38":0,"39":1,"40":0,"41":0,"42":0,"43":0,"44":0,"45":0,"46":0,"47":0,"48":0,"49":0,"50":0,"51":0,"52":1,"53":1},"f":{"0":1,"1":0,"2":0,"3":0,"4":0,"5":0,"6":0,"7":0,"8":0,"9":0,"10":0},"b":{"0":[0],"1":[0],"2":[0],"3":[0],"4":[0],"5":[0],"6":[0],"7":[0]}}
,"C:\\Users\\user\\OneDrive\\Desktop\\ATLP\\ATLP\\BACKEND\\portfolio\\my_brand_backend\\src\\middleware\\upload.ts": {"path":"C:\\Users\\user\\OneDrive\\Desktop\\ATLP\\ATLP\\BACKEND\\portfolio\\my_brand_backend\\src\\middleware\\upload.ts","statementMap":{"0":{"start":{"line":1,"column":0},"end":{"line":1,"column":24}},"1":{"start":{"line":3,"column":0},"end":{"line":3,"column":28}},"2":{"start":{"line":4,"column":0},"end":{"line":4,"column":20}},"3":{"start":{"line":6,"column":21},"end":{"line":20,"column":2}},"4":{"start":{"line":8,"column":16},"end":{"line":8,"column":34}},"5":{"start":{"line":9,"column":4},"end":{"line":11,"column":5}},"6":{"start":{"line":10,"column":6},"end":{"line":10,"column":45}},"7":{"start":{"line":12,"column":4},"end":{"line":12,"column":18}},"8":{"start":{"line":15,"column":4},"end":{"line":18,"column":6}},"9":{"start":{"line":22,"column":16},"end":{"line":37,"column":2}},"10":{"start":{"line":24,"column":16},"end":{"line":24,"column":35}},"11":{"start":{"line":25,"column":4},"end":{"line":27,"column":5}},"12":{"start":{"line":26,"column":6},"end":{"line":26,"column":45}},"13":{"start":{"line":28,"column":4},"end":{"line":28,"column":24}},"14":{"start":{"line":31,"column":4},"end":{"line":34,"column":6}},"15":{"start":{"line":38,"column":19},"end":{"line":48,"column":1}},"16":{"start":{"line":39,"column":2},"end":{"line":47,"column":3}},"17":{"start":{"line":44,"column":4},"end":{"line":44,"column":25}},"18":{"start":{"line":46,"column":4},"end":{"line":46,"column":60}},"19":{"start":{"line":49,"column":15},"end":{"line":53,"column":2}},"20":{"start":{"line":55,"column":0},"end":{"line":55,"column":22}}},"fnMap":{"0":{"name":"(anonymous_1)","decl":{"start":{"line":7,"column":15},"end":{"line":7,"column":16}},"loc":{"start":{"line":7,"column":29},"end":{"line":13,"column":3}}},"1":{"name":"(anonymous_2)","decl":{"start":{"line":14,"column":12},"end":{"line":14,"column":13}},"loc":{"start":{"line":14,"column":26},"end":{"line":19,"column":3}}},"2":{"name":"(anonymous_3)","decl":{"start":{"line":23,"column":15},"end":{"line":23,"column":25}},"loc":{"start":{"line":23,"column":44},"end":{"line":29,"column":3}}},"3":{"name":"(anonymous_4)","decl":{"start":{"line":30,"column":12},"end":{"line":30,"column":22}},"loc":{"start":{"line":30,"column":41},"end":{"line":36,"column":3}}},"4":{"name":"(anonymous_5)","decl":{"start":{"line":38,"column":19},"end":{"line":38,"column":20}},"loc":{"start":{"line":38,"column":59},"end":{"line":48,"column":1}}}},"branchMap":{"0":{"loc":{"start":{"line":9,"column":4},"end":{"line":11,"column":5}},"type":"if","locations":[{"start":{"line":9,"column":4},"end":{"line":11,"column":5}}]},"1":{"loc":{"start":{"line":25,"column":4},"end":{"line":27,"column":5}},"type":"if","locations":[{"start":{"line":25,"column":4},"end":{"line":27,"column":5}}]},"2":{"loc":{"start":{"line":39,"column":2},"end":{"line":47,"column":3}},"type":"if","locations":[{"start":{"line":39,"column":2},"end":{"line":47,"column":3}},{"start":{"line":45,"column":9},"end":{"line":47,"column":3}}]},"3":{"loc":{"start":{"line":40,"column":4},"end":{"line":42,"column":33}},"type":"binary-expr","locations":[{"start":{"line":40,"column":4},"end":{"line":40,"column":34}},{"start":{"line":41,"column":4},"end":{"line":41,"column":33}},{"start":{"line":42,"column":4},"end":{"line":42,"column":33}}]}},"s":{"0":1,"1":1,"2":1,"3":1,"4":0,"5":0,"6":0,"7":0,"8":0,"9":1,"10":0,"11":0,"12":0,"13":0,"14":0,"15":1,"16":0,"17":0,"18":0,"19":1,"20":1},"f":{"0":0,"1":0,"2":0,"3":0,"4":0},"b":{"0":[0],"1":[0],"2":[0,0],"3":[0,0,0]}}
,"C:\\Users\\user\\OneDrive\\Desktop\\ATLP\\ATLP\\BACKEND\\portfolio\\my_brand_backend\\src\\models\\aboutMeModel.ts": {"path":"C:\\Users\\user\\OneDrive\\Desktop\\ATLP\\ATLP\\BACKEND\\portfolio\\my_brand_backend\\src\\models\\aboutMeModel.ts","statementMap":{"0":{"start":{"line":1,"column":0},"end":{"line":1,"column":41}},"1":{"start":{"line":3,"column":13},"end":{"line":21,"column":2}}},"fnMap":{},"branchMap":{},"s":{"0":1,"1":1},"f":{},"b":{}}
,"C:\\Users\\user\\OneDrive\\Desktop\\ATLP\\ATLP\\BACKEND\\portfolio\\my_brand_backend\\src\\models\\blogModel.ts": {"path":"C:\\Users\\user\\OneDrive\\Desktop\\ATLP\\ATLP\\BACKEND\\portfolio\\my_brand_backend\\src\\models\\blogModel.ts","statementMap":{"0":{"start":{"line":1,"column":0},"end":{"line":1,"column":51}},"1":{"start":{"line":4,"column":19},"end":{"line":42,"column":null}},"2":{"start":{"line":44,"column":13},"end":{"line":44,"column":38}},"3":{"start":{"line":45,"column":0},"end":{"line":45,"column":20}}},"fnMap":{},"branchMap":{},"s":{"0":1,"1":1,"2":1,"3":1},"f":{},"b":{}}
,"C:\\Users\\user\\OneDrive\\Desktop\\ATLP\\ATLP\\BACKEND\\portfolio\\my_brand_backend\\src\\models\\comment.model.ts": {"path":"C:\\Users\\user\\OneDrive\\Desktop\\ATLP\\ATLP\\BACKEND\\portfolio\\my_brand_backend\\src\\models\\comment.model.ts","statementMap":{"0":{"start":{"line":1,"column":0},"end":{"line":1,"column":51}},"1":{"start":{"line":3,"column":13},"end":{"line":17,"column":2}}},"fnMap":{},"branchMap":{},"s":{"0":0,"1":0},"f":{},"b":{}}
,"C:\\Users\\user\\OneDrive\\Desktop\\ATLP\\ATLP\\BACKEND\\portfolio\\my_brand_backend\\src\\models\\interestModel.ts": {"path":"C:\\Users\\user\\OneDrive\\Desktop\\ATLP\\ATLP\\BACKEND\\portfolio\\my_brand_backend\\src\\models\\interestModel.ts","statementMap":{"0":{"start":{"line":1,"column":0},"end":{"line":1,"column":41}},"1":{"start":{"line":3,"column":13},"end":{"line":13,"column":2}}},"fnMap":{},"branchMap":{},"s":{"0":0,"1":0},"f":{},"b":{}}
,"C:\\Users\\user\\OneDrive\\Desktop\\ATLP\\ATLP\\BACKEND\\portfolio\\my_brand_backend\\src\\models\\messageModel.ts": {"path":"C:\\Users\\user\\OneDrive\\Desktop\\ATLP\\ATLP\\BACKEND\\portfolio\\my_brand_backend\\src\\models\\messageModel.ts","statementMap":{"0":{"start":{"line":1,"column":0},"end":{"line":1,"column":51}},"1":{"start":{"line":3,"column":0},"end":{"line":3,"column":34}},"2":{"start":{"line":5,"column":16},"end":{"line":30,"column":null}},"3":{"start":{"line":32,"column":0},"end":{"line":32,"column":23}}},"fnMap":{},"branchMap":{},"s":{"0":1,"1":1,"2":1,"3":1},"f":{},"b":{}}
,"C:\\Users\\user\\OneDrive\\Desktop\\ATLP\\ATLP\\BACKEND\\portfolio\\my_brand_backend\\src\\models\\portfolioModel.ts": {"path":"C:\\Users\\user\\OneDrive\\Desktop\\ATLP\\ATLP\\BACKEND\\portfolio\\my_brand_backend\\src\\models\\portfolioModel.ts","statementMap":{"0":{"start":{"line":1,"column":0},"end":{"line":1,"column":41}},"1":{"start":{"line":3,"column":24},"end":{"line":20,"column":2}},"2":{"start":{"line":21,"column":13},"end":{"line":21,"column":61}}},"fnMap":{},"branchMap":{},"s":{"0":1,"1":1,"2":1},"f":{},"b":{}}
,"C:\\Users\\user\\OneDrive\\Desktop\\ATLP\\ATLP\\BACKEND\\portfolio\\my_brand_backend\\src\\models\\skills.model.ts": {"path":"C:\\Users\\user\\OneDrive\\Desktop\\ATLP\\ATLP\\BACKEND\\portfolio\\my_brand_backend\\src\\models\\skills.model.ts","statementMap":{"0":{"start":{"line":1,"column":0},"end":{"line":1,"column":51}},"1":{"start":{"line":3,"column":13},"end":{"line":24,"column":2}}},"fnMap":{},"branchMap":{},"s":{"0":1,"1":1},"f":{},"b":{}}
,"C:\\Users\\user\\OneDrive\\Desktop\\ATLP\\ATLP\\BACKEND\\portfolio\\my_brand_backend\\src\\models\\userModel.ts": {"path":"C:\\Users\\user\\OneDrive\\Desktop\\ATLP\\ATLP\\BACKEND\\portfolio\\my_brand_backend\\src\\models\\userModel.ts","statementMap":{"0":{"start":{"line":53,"column":0},"end":{"line":53,"column":61}},"1":{"start":{"line":54,"column":0},"end":{"line":54,"column":28}},"2":{"start":{"line":55,"column":0},"end":{"line":55,"column":34}},"3":{"start":{"line":68,"column":19},"end":{"line":98,"column":2}},"4":{"start":{"line":101,"column":0},"end":{"line":106,"column":3}},"5":{"start":{"line":102,"column":2},"end":{"line":102,"column":50}},"6":{"start":{"line":102,"column":36},"end":{"line":102,"column":50}},"7":{"start":{"line":104,"column":2},"end":{"line":104,"column":7}},"8":{"start":{"line":104,"column":18},"end":{"line":104,"column":55}},"9":{"start":{"line":104,"column":2},"end":{"line":104,"column":55}},"10":{"start":{"line":105,"column":2},"end":{"line":105,"column":9}},"11":{"start":{"line":109,"column":34},"end":{"line":111,"column":null}},"12":{"start":{"line":113,"column":0},"end":{"line":113,"column":20}}},"fnMap":{"0":{"name":"(anonymous_20)","decl":{"start":{"line":101,"column":37},"end":{"line":101,"column":53}},"loc":{"start":{"line":101,"column":57},"end":{"line":106,"column":2}}}},"branchMap":{"0":{"loc":{"start":{"line":102,"column":2},"end":{"line":102,"column":50}},"type":"if","locations":[{"start":{"line":102,"column":2},"end":{"line":102,"column":50}}]}},"s":{"0":2,"1":2,"2":2,"3":2,"4":2,"5":0,"6":0,"7":0,"8":0,"9":0,"10":0,"11":2,"12":2},"f":{"0":0},"b":{"0":[0]}}
,"C:\\Users\\user\\OneDrive\\Desktop\\ATLP\\ATLP\\BACKEND\\portfolio\\my_brand_backend\\src\\models\\verifyTokenModel.ts": {"path":"C:\\Users\\user\\OneDrive\\Desktop\\ATLP\\ATLP\\BACKEND\\portfolio\\my_brand_backend\\src\\models\\verifyTokenModel.ts","statementMap":{"0":{"start":{"line":1,"column":0},"end":{"line":1,"column":41}},"1":{"start":{"line":3,"column":20},"end":{"line":15,"column":null}},"2":{"start":{"line":17,"column":0},"end":{"line":17,"column":27}}},"fnMap":{},"branchMap":{},"s":{"0":2,"1":2,"2":2},"f":{},"b":{}}
,"C:\\Users\\user\\OneDrive\\Desktop\\ATLP\\ATLP\\BACKEND\\portfolio\\my_brand_backend\\src\\routers\\aboutMeRoute.ts": {"path":"C:\\Users\\user\\OneDrive\\Desktop\\ATLP\\ATLP\\BACKEND\\portfolio\\my_brand_backend\\src\\routers\\aboutMeRoute.ts","statementMap":{"0":{"start":{"line":1,"column":0},"end":{"line":1,"column":33}},"1":{"start":{"line":2,"column":0},"end":{"line":2,"column":66}},"2":{"start":{"line":4,"column":22},"end":{"line":4,"column":30}},"3":{"start":{"line":5,"column":0},"end":{"line":9,"column":51}},"4":{"start":{"line":11,"column":0},"end":{"line":11,"column":29}}},"fnMap":{},"branchMap":{},"s":{"0":1,"1":1,"2":1,"3":1,"4":1},"f":{},"b":{}}
,"C:\\Users\\user\\OneDrive\\Desktop\\ATLP\\ATLP\\BACKEND\\portfolio\\my_brand_backend\\src\\routers\\authRoutes.ts": {"path":"C:\\Users\\user\\OneDrive\\Desktop\\ATLP\\ATLP\\BACKEND\\portfolio\\my_brand_backend\\src\\routers\\authRoutes.ts","statementMap":{"0":{"start":{"line":2,"column":0},"end":{"line":2,"column":33}},"1":{"start":{"line":3,"column":0},"end":{"line":3,"column":61}},"2":{"start":{"line":5,"column":18},"end":{"line":5,"column":26}},"3":{"start":{"line":7,"column":0},"end":{"line":7,"column":49}},"4":{"start":{"line":8,"column":0},"end":{"line":8,"column":47}},"5":{"start":{"line":10,"column":0},"end":{"line":10,"column":25}}},"fnMap":{},"branchMap":{},"s":{"0":1,"1":1,"2":1,"3":1,"4":1,"5":1},"f":{},"b":{}}
,"C:\\Users\\user\\OneDrive\\Desktop\\ATLP\\ATLP\\BACKEND\\portfolio\\my_brand_backend\\src\\routers\\blogRouter.ts": {"path":"C:\\Users\\user\\OneDrive\\Desktop\\ATLP\\ATLP\\BACKEND\\portfolio\\my_brand_backend\\src\\routers\\blogRouter.ts","statementMap":{"0":{"start":{"line":2,"column":0},"end":{"line":2,"column":33}},"1":{"start":{"line":3,"column":0},"end":{"line":3,"column":59}},"2":{"start":{"line":4,"column":0},"end":{"line":4,"column":59}},"3":{"start":{"line":5,"column":0},"end":{"line":5,"column":42}},"4":{"start":{"line":7,"column":2},"end":{"line":7,"column":17}},"5":{"start":{"line":8,"column":38},"end":{"line":8,"column":53}},"6":{"start":{"line":9,"column":19},"end":{"line":9,"column":27}},"7":{"start":{"line":11,"column":0},"end":{"line":26,"column":4}},"8":{"start":{"line":16,"column":6},"end":{"line":16,"column":41}},"9":{"start":{"line":17,"column":6},"end":{"line":22,"column":7}},"10":{"start":{"line":18,"column":8},"end":{"line":18,"column":39}},"11":{"start":{"line":19,"column":8},"end":{"line":19,"column":15}},"12":{"start":{"line":21,"column":8},"end":{"line":21,"column":15}},"13":{"start":{"line":27,"column":0},"end":{"line":31,"column":49}},"14":{"start":{"line":33,"column":0},"end":{"line":33,"column":26}}},"fnMap":{"0":{"name":"(anonymous_1)","decl":{"start":{"line":15,"column":4},"end":{"line":15,"column":5}},"loc":{"start":{"line":15,"column":19},"end":{"line":23,"column":5}}}},"branchMap":{"0":{"loc":{"start":{"line":17,"column":6},"end":{"line":22,"column":7}},"type":"if","locations":[{"start":{"line":17,"column":6},"end":{"line":22,"column":7}},{"start":{"line":20,"column":13},"end":{"line":22,"column":7}}]}},"s":{"0":1,"1":1,"2":1,"3":1,"4":5,"5":2,"6":1,"7":1,"8":0,"9":0,"10":0,"11":0,"12":0,"13":1,"14":1},"f":{"0":0},"b":{"0":[0,0]}}
,"C:\\Users\\user\\OneDrive\\Desktop\\ATLP\\ATLP\\BACKEND\\portfolio\\my_brand_backend\\src\\routers\\messageRoute.ts": {"path":"C:\\Users\\user\\OneDrive\\Desktop\\ATLP\\ATLP\\BACKEND\\portfolio\\my_brand_backend\\src\\routers\\messageRoute.ts","statementMap":{"0":{"start":{"line":1,"column":0},"end":{"line":1,"column":33}},"1":{"start":{"line":2,"column":0},"end":{"line":2,"column":66}},"2":{"start":{"line":3,"column":0},"end":{"line":3,"column":59}},"3":{"start":{"line":5,"column":22},"end":{"line":5,"column":30}},"4":{"start":{"line":6,"column":0},"end":{"line":17,"column":4}},"5":{"start":{"line":18,"column":0},"end":{"line":34,"column":4}},"6":{"start":{"line":36,"column":0},"end":{"line":36,"column":29}}},"fnMap":{},"branchMap":{},"s":{"0":1,"1":1,"2":1,"3":1,"4":1,"5":1,"6":1},"f":{},"b":{}}
,"C:\\Users\\user\\OneDrive\\Desktop\\ATLP\\ATLP\\BACKEND\\portfolio\\my_brand_backend\\src\\routers\\portfolioRoute.ts": {"path":"C:\\Users\\user\\OneDrive\\Desktop\\ATLP\\ATLP\\BACKEND\\portfolio\\my_brand_backend\\src\\routers\\portfolioRoute.ts","statementMap":{"0":{"start":{"line":1,"column":0},"end":{"line":1,"column":33}},"1":{"start":{"line":2,"column":0},"end":{"line":2,"column":70}},"2":{"start":{"line":3,"column":0},"end":{"line":3,"column":59}},"3":{"start":{"line":4,"column":0},"end":{"line":4,"column":42}},"4":{"start":{"line":6,"column":24},"end":{"line":6,"column":32}},"5":{"start":{"line":8,"column":0},"end":{"line":20,"column":4}},"6":{"start":{"line":21,"column":0},"end":{"line":37,"column":4}},"7":{"start":{"line":39,"column":0},"end":{"line":39,"column":31}}},"fnMap":{},"branchMap":{},"s":{"0":1,"1":1,"2":1,"3":1,"4":1,"5":1,"6":1,"7":1},"f":{},"b":{}}
,"C:\\Users\\user\\OneDrive\\Desktop\\ATLP\\ATLP\\BACKEND\\portfolio\\my_brand_backend\\src\\routers\\skillsRoute.ts": {"path":"C:\\Users\\user\\OneDrive\\Desktop\\ATLP\\ATLP\\BACKEND\\portfolio\\my_brand_backend\\src\\routers\\skillsRoute.ts","statementMap":{"0":{"start":{"line":1,"column":0},"end":{"line":1,"column":33}},"1":{"start":{"line":2,"column":0},"end":{"line":2,"column":64}},"2":{"start":{"line":3,"column":0},"end":{"line":3,"column":59}},"3":{"start":{"line":4,"column":0},"end":{"line":4,"column":42}},"4":{"start":{"line":6,"column":21},"end":{"line":6,"column":29}},"5":{"start":{"line":7,"column":0},"end":{"line":19,"column":4}},"6":{"start":{"line":20,"column":0},"end":{"line":36,"column":4}},"7":{"start":{"line":38,"column":0},"end":{"line":38,"column":28}}},"fnMap":{},"branchMap":{},"s":{"0":1,"1":1,"2":1,"3":1,"4":1,"5":1,"6":1,"7":1},"f":{},"b":{}}
,"C:\\Users\\user\\OneDrive\\Desktop\\ATLP\\ATLP\\BACKEND\\portfolio\\my_brand_backend\\src\\routers\\userRouter.ts": {"path":"C:\\Users\\user\\OneDrive\\Desktop\\ATLP\\ATLP\\BACKEND\\portfolio\\my_brand_backend\\src\\routers\\userRouter.ts","statementMap":{"0":{"start":{"line":1,"column":0},"end":{"line":1,"column":33}},"1":{"start":{"line":2,"column":0},"end":{"line":2,"column":59}},"2":{"start":{"line":3,"column":0},"end":{"line":3,"column":60}},"3":{"start":{"line":4,"column":57},"end":{"line":4,"column":72}},"4":{"start":{"line":5,"column":53},"end":{"line":5,"column":69}},"5":{"start":{"line":7,"column":19},"end":{"line":7,"column":27}},"6":{"start":{"line":57,"column":0},"end":{"line":57,"column":54}},"7":{"start":{"line":79,"column":0},"end":{"line":126,"column":49}},"8":{"start":{"line":128,"column":0},"end":{"line":128,"column":26}}},"fnMap":{},"branchMap":{},"s":{"0":1,"1":1,"2":1,"3":4,"4":4,"5":1,"6":1,"7":1,"8":1},"f":{},"b":{}}
,"C:\\Users\\user\\OneDrive\\Desktop\\ATLP\\ATLP\\BACKEND\\portfolio\\my_brand_backend\\src\\swagger\\blogDocs.ts": {"path":"C:\\Users\\user\\OneDrive\\Desktop\\ATLP\\ATLP\\BACKEND\\portfolio\\my_brand_backend\\src\\swagger\\blogDocs.ts","statementMap":{"0":{"start":{"line":1,"column":18},"end":{"line":24,"column":2}},"1":{"start":{"line":26,"column":19},"end":{"line":49,"column":null}},"2":{"start":{"line":51,"column":19},"end":{"line":155,"column":2}},"3":{"start":{"line":156,"column":23},"end":{"line":225,"column":2}},"4":{"start":{"line":228,"column":16},"end":{"line":298,"column":2}},"5":{"start":{"line":300,"column":19},"end":{"line":322,"column":2}},"6":{"start":{"line":325,"column":17},"end":{"line":350,"column":2}},"7":{"start":{"line":352,"column":0},"end":{"line":352,"column":24}}},"fnMap":{},"branchMap":{},"s":{"0":1,"1":1,"2":1,"3":1,"4":1,"5":1,"6":1,"7":1},"f":{},"b":{}}
,"C:\\Users\\user\\OneDrive\\Desktop\\ATLP\\ATLP\\BACKEND\\portfolio\\my_brand_backend\\src\\swagger\\messageDocs.ts": {"path":"C:\\Users\\user\\OneDrive\\Desktop\\ATLP\\ATLP\\BACKEND\\portfolio\\my_brand_backend\\src\\swagger\\messageDocs.ts","statementMap":{"0":{"start":{"line":1,"column":20},"end":{"line":150,"column":2}},"1":{"start":{"line":152,"column":0},"end":{"line":152,"column":27}}},"fnMap":{},"branchMap":{},"s":{"0":1,"1":1},"f":{},"b":{}}
,"C:\\Users\\user\\OneDrive\\Desktop\\ATLP\\ATLP\\BACKEND\\portfolio\\my_brand_backend\\src\\swagger\\swaggerdocs.ts": {"path":"C:\\Users\\user\\OneDrive\\Desktop\\ATLP\\ATLP\\BACKEND\\portfolio\\my_brand_backend\\src\\swagger\\swaggerdocs.ts","statementMap":{"0":{"start":{"line":1,"column":0},"end":{"line":1,"column":34}},"1":{"start":{"line":2,"column":0},"end":{"line":2,"column":34}},"2":{"start":{"line":3,"column":0},"end":{"line":3,"column":40}},"3":{"start":{"line":4,"column":20},"end":{"line":41,"column":2}},"4":{"start":{"line":42,"column":0},"end":{"line":42,"column":27}}},"fnMap":{},"branchMap":{},"s":{"0":1,"1":1,"2":1,"3":1,"4":1},"f":{},"b":{}}
,"C:\\Users\\user\\OneDrive\\Desktop\\ATLP\\ATLP\\BACKEND\\portfolio\\my_brand_backend\\src\\swagger\\userDocs.ts": {"path":"C:\\Users\\user\\OneDrive\\Desktop\\ATLP\\ATLP\\BACKEND\\portfolio\\my_brand_backend\\src\\swagger\\userDocs.ts","statementMap":{"0":{"start":{"line":1,"column":18},"end":{"line":24,"column":2}},"1":{"start":{"line":26,"column":19},"end":{"line":55,"column":2}},"2":{"start":{"line":57,"column":19},"end":{"line":103,"column":2}},"3":{"start":{"line":105,"column":16},"end":{"line":164,"column":2}},"4":{"start":{"line":166,"column":19},"end":{"line":188,"column":2}},"5":{"start":{"line":190,"column":17},"end":{"line":215,"column":2}},"6":{"start":{"line":217,"column":0},"end":{"line":217,"column":24}}},"fnMap":{},"branchMap":{},"s":{"0":1,"1":1,"2":1,"3":1,"4":1,"5":1,"6":1},"f":{},"b":{}}
,"C:\\Users\\user\\OneDrive\\Desktop\\ATLP\\ATLP\\BACKEND\\portfolio\\my_brand_backend\\src\\utils\\appError.ts": {"path":"C:\\Users\\user\\OneDrive\\Desktop\\ATLP\\ATLP\\BACKEND\\portfolio\\my_brand_backend\\src\\utils\\appError.ts","statementMap":{"0":{"start":{"line":1,"column":0},"end":{"line":1,"column":null}},"1":{"start":{"line":1,"column":38},"end":{"line":1,"column":43}},"2":{"start":{"line":6,"column":4},"end":{"line":6,"column":19}},"3":{"start":{"line":5,"column":21},"end":{"line":5,"column":36}},"4":{"start":{"line":5,"column":45},"end":{"line":5,"column":63}},"5":{"start":{"line":7,"column":4},"end":{"line":7,"column":74}},"6":{"start":{"line":8,"column":4},"end":{"line":8,"column":30}},"7":{"start":{"line":9,"column":4},"end":{"line":9,"column":21}},"8":{"start":{"line":10,"column":4},"end":{"line":10,"column":52}},"9":{"start":{"line":12,"column":0},"end":{"line":12,"column":null}}},"fnMap":{"0":{"name":"(anonymous_6)","decl":{"start":{"line":1,"column":0},"end":{"line":1,"column":38}},"loc":{"start":{"line":1,"column":0},"end":{"line":12,"column":null}}},"1":{"name":"AppError","decl":{"start":{"line":5,"column":2},"end":{"line":5,"column":21}},"loc":{"start":{"line":5,"column":63},"end":{"line":11,"column":3}}}},"branchMap":{"0":{"loc":{"start":{"line":6,"column":4},"end":{"line":6,"column":19}},"type":"binary-expr","locations":[{"start":{"line":6,"column":4},"end":{"line":6,"column":18}},{"start":{"line":6,"column":18},"end":{"line":6,"column":19}}]},"1":{"loc":{"start":{"line":7,"column":18},"end":{"line":7,"column":73}},"type":"cond-expr","locations":[{"start":{"line":7,"column":57},"end":{"line":7,"column":63}},{"start":{"line":7,"column":66},"end":{"line":7,"column":73}}]}},"s":{"0":2,"1":2,"2":0,"3":0,"4":0,"5":0,"6":0,"7":0,"8":0,"9":2},"f":{"0":2,"1":0},"b":{"0":[0,0],"1":[0,0]}}
,"C:\\Users\\user\\OneDrive\\Desktop\\ATLP\\ATLP\\BACKEND\\portfolio\\my_brand_backend\\src\\utils\\catchAsync.ts": {"path":"C:\\Users\\user\\OneDrive\\Desktop\\ATLP\\ATLP\\BACKEND\\portfolio\\my_brand_backend\\src\\utils\\catchAsync.ts","statementMap":{"0":{"start":{"line":4,"column":2},"end":{"line":6,"column":4}},"1":{"start":{"line":5,"column":4},"end":{"line":5,"column":35}},"2":{"start":{"line":3,"column":0},"end":{"line":3,"column":24}}},"fnMap":{"0":{"name":"catchAsync","decl":{"start":{"line":3,"column":24},"end":{"line":3,"column":34}},"loc":{"start":{"line":3,"column":47},"end":{"line":7,"column":1}}},"1":{"name":"(anonymous_1)","decl":{"start":{"line":4,"column":9},"end":{"line":4,"column":10}},"loc":{"start":{"line":4,"column":53},"end":{"line":6,"column":3}}}},"branchMap":{},"s":{"0":37,"1":2,"2":3},"f":{"0":37,"1":2},"b":{}}
,"C:\\Users\\user\\OneDrive\\Desktop\\ATLP\\ATLP\\BACKEND\\portfolio\\my_brand_backend\\src\\utils\\invalidUrl.ts": {"path":"C:\\Users\\user\\OneDrive\\Desktop\\ATLP\\ATLP\\BACKEND\\portfolio\\my_brand_backend\\src\\utils\\invalidUrl.ts","statementMap":{"0":{"start":{"line":3,"column":0},"end":{"line":3,"column":null}},"1":{"start":{"line":4,"column":9},"end":{"line":9,"column":null}},"2":{"start":{"line":5,"column":4},"end":{"line":8,"column":7}},"3":{"start":{"line":10,"column":0},"end":{"line":10,"column":null}}},"fnMap":{"0":{"name":"(anonymous_0)","decl":{"start":{"line":3,"column":0},"end":{"line":3,"column":null}},"loc":{"start":{"line":3,"column":0},"end":{"line":10,"column":null}}},"1":{"name":"(anonymous_2)","decl":{"start":{"line":4,"column":2},"end":{"line":4,"column":9}},"loc":{"start":{"line":4,"column":53},"end":{"line":9,"column":3}}}},"branchMap":{},"s":{"0":1,"1":1,"2":0,"3":1},"f":{"0":1,"1":0},"b":{}}
,"C:\\Users\\user\\OneDrive\\Desktop\\ATLP\\ATLP\\BACKEND\\portfolio\\my_brand_backend\\src\\utils\\passwordUtils.ts": {"path":"C:\\Users\\user\\OneDrive\\Desktop\\ATLP\\ATLP\\BACKEND\\portfolio\\my_brand_backend\\src\\utils\\passwordUtils.ts","statementMap":{"0":{"start":{"line":1,"column":0},"end":{"line":1,"column":28}},"1":{"start":{"line":3,"column":27},"end":{"line":5,"column":2}},"2":{"start":{"line":3,"column":72},"end":{"line":5,"column":2}},"3":{"start":{"line":4,"column":9},"end":{"line":4,"column":54}},"4":{"start":{"line":4,"column":2},"end":{"line":4,"column":54}}},"fnMap":{"0":{"name":"(anonymous_14)","decl":{"start":{"line":3,"column":27},"end":{"line":3,"column":34}},"loc":{"start":{"line":3,"column":72},"end":{"line":5,"column":2}}},"1":{"name":"(anonymous_15)","decl":{"start":{"line":3,"column":72},"end":{"line":3,"column":null}},"loc":{"start":{"line":3,"column":72},"end":{"line":5,"column":2}}}},"branchMap":{"0":{"loc":{"start":{"line":4,"column":9},"end":{"line":4,"column":54}},"type":"switch","locations":[{"start":{"line":4,"column":9},"end":{"line":4,"column":54}},{"start":{"line":4,"column":2},"end":{"line":4,"column":54}}]}},"s":{"0":0,"1":0,"2":0,"3":0,"4":0},"f":{"0":0,"1":0},"b":{"0":[0,0]}}
}
