TN:
SF:src\index.ts
FN:35,(anonymous_1)
FNF:1
FNH:0
FNDA:0,(anonymous_1)
DA:1,1
DA:2,1
DA:4,1
DA:6,1
DA:8,1
DA:9,1
DA:10,1
DA:11,1
DA:12,1
DA:13,1
DA:14,1
DA:15,1
DA:16,1
DA:17,1
DA:18,1
DA:20,1
DA:21,1
DA:22,1
DA:24,1
DA:25,1
DA:26,1
DA:32,1
DA:33,1
DA:35,1
DA:36,0
DA:41,1
DA:42,1
DA:43,1
DA:44,1
DA:45,1
DA:46,1
DA:47,1
DA:48,1
DA:50,1
DA:52,1
DA:53,1
DA:55,1
LF:37
LH:36
BRF:0
BRH:0
end_of_record
TN:
SF:src\controllers\aboutMe.controller.ts
FN:7,(anonymous_14)
FN:9,(anonymous_16)
FN:9,(anonymous_17)
FN:19,(anonymous_19)
FN:19,(anonymous_20)
FN:28,(anonymous_22)
FN:28,(anonymous_23)
FN:46,(anonymous_25)
FN:46,(anonymous_26)
FNF:9
FNH:1
FNDA:1,(anonymous_14)
FNDA:0,(anonymous_16)
FNDA:0,(anonymous_17)
FNDA:0,(anonymous_19)
FNDA:0,(anonymous_20)
FNDA:0,(anonymous_22)
FNDA:0,(anonymous_23)
FNDA:0,(anonymous_25)
FNDA:0,(anonymous_26)
DA:3,1
DA:4,1
DA:5,1
DA:7,1
DA:8,1
DA:9,0
DA:10,0
DA:11,0
DA:12,0
DA:18,1
DA:19,0
DA:20,0
DA:21,0
DA:27,1
DA:28,0
DA:29,0
DA:30,0
DA:31,0
DA:39,0
DA:45,1
DA:46,0
DA:47,0
DA:48,0
DA:49,0
DA:50,0
DA:56,1
LF:26
LH:9
BRDA:10,0,0,0
BRDA:11,1,0,0
BRDA:20,2,0,0
BRDA:29,3,0,0
BRDA:30,4,0,0
BRDA:47,5,0,0
BRDA:48,6,0,0
BRF:7
BRH:0
end_of_record
TN:
SF:src\controllers\authController.ts
FN:27,(anonymous_16)
FN:29,(anonymous_17)
FN:33,(anonymous_19)
FN:35,(anonymous_21)
FN:35,(anonymous_22)
FN:71,(anonymous_24)
FN:71,(anonymous_25)
FN:88,(anonymous_27)
FN:88,(anonymous_28)
FN:111,(anonymous_30)
FN:111,(anonymous_31)
FNF:11
FNH:5
FNDA:0,(anonymous_16)
FNDA:0,(anonymous_17)
FNDA:2,(anonymous_19)
FNDA:1,(anonymous_21)
FNDA:1,(anonymous_22)
FNDA:1,(anonymous_24)
FNDA:1,(anonymous_25)
FNDA:0,(anonymous_27)
FNDA:0,(anonymous_28)
FNDA:0,(anonymous_30)
FNDA:0,(anonymous_31)
DA:1,2
DA:2,2
DA:3,2
DA:4,2
DA:5,2
DA:6,2
DA:8,2
DA:10,2
DA:11,2
DA:12,2
DA:13,2
DA:27,2
DA:29,0
DA:31,0
DA:33,2
DA:34,2
DA:35,1
DA:37,1
DA:38,1
DA:39,1
DA:40,0
DA:43,1
DA:50,1
DA:54,0
DA:55,0
DA:56,0
DA:62,0
DA:70,2
DA:71,1
DA:72,1
DA:73,1
DA:74,1
DA:75,0
DA:76,1
DA:77,0
DA:78,0
DA:79,0
DA:80,0
DA:87,2
DA:88,0
DA:89,0
DA:90,0
DA:91,0
DA:93,0
DA:94,0
DA:95,0
DA:99,0
DA:103,0
DA:104,0
DA:106,0
DA:107,0
DA:110,2
DA:111,0
DA:112,0
DA:113,0
DA:120,0
DA:123,2
LF:57
LH:29
BRDA:31,0,0,0
BRDA:31,0,1,0
BRDA:39,1,0,0
BRDA:74,2,0,0
BRDA:74,3,0,1
BRDA:74,3,1,1
BRDA:77,4,0,0
BRDA:77,5,0,0
BRDA:90,6,0,0
BRDA:94,7,0,0
BRDA:104,8,0,0
BRDA:112,9,0,0
BRF:12
BRH:2
end_of_record
TN:
SF:src\controllers\blogController.ts
FN:11,(anonymous_14)
FN:13,(anonymous_16)
FN:13,(anonymous_17)
FN:24,(anonymous_19)
FN:24,(anonymous_20)
FN:42,(anonymous_22)
FN:42,(anonymous_23)
FN:58,(anonymous_25)
FN:58,(anonymous_26)
FN:76,(anonymous_28)
FN:93,(anonymous_29)
FN:93,(anonymous_30)
FNF:12
FNH:1
FNDA:1,(anonymous_14)
FNDA:0,(anonymous_16)
FNDA:0,(anonymous_17)
FNDA:0,(anonymous_19)
FNDA:0,(anonymous_20)
FNDA:0,(anonymous_22)
FNDA:0,(anonymous_23)
FNDA:0,(anonymous_25)
FNDA:0,(anonymous_26)
FNDA:0,(anonymous_28)
FNDA:0,(anonymous_29)
FNDA:0,(anonymous_30)
DA:3,1
DA:4,1
DA:5,1
DA:6,1
DA:8,1
DA:9,1
DA:11,1
DA:12,1
DA:13,0
DA:14,0
DA:15,0
DA:23,1
DA:24,0
DA:25,0
DA:26,0
DA:28,0
DA:35,0
DA:41,1
DA:42,0
DA:43,0
DA:44,0
DA:48,0
DA:49,0
DA:51,0
DA:57,1
DA:58,0
DA:60,0
DA:61,0
DA:62,0
DA:66,0
DA:67,0
DA:68,0
DA:69,0
DA:73,0
DA:74,0
DA:76,0
DA:77,0
DA:78,0
DA:79,0
DA:81,0
DA:85,0
DA:92,1
DA:93,0
DA:94,0
DA:95,0
DA:96,0
DA:97,0
DA:99,0
DA:105,1
LF:49
LH:13
BRDA:14,0,0,0
BRDA:32,1,0,0
BRDA:32,1,1,0
BRDA:32,2,0,0
BRDA:32,2,1,0
BRDA:32,3,0,0
BRDA:32,3,1,0
BRDA:48,4,0,0
BRDA:60,5,0,0
BRDA:61,6,0,0
BRDA:71,7,0,0
BRDA:71,7,1,0
BRDA:71,8,0,0
BRDA:71,8,1,0
BRDA:73,9,0,0
BRDA:73,9,1,0
BRDA:77,10,0,0
BRDA:77,10,1,0
BRDA:96,11,0,0
BRF:19
BRH:0
end_of_record
TN:
SF:src\controllers\comment.controller.ts
FN:6,(anonymous_14)
FN:8,(anonymous_16)
FN:8,(anonymous_17)
FN:20,(anonymous_19)
FN:20,(anonymous_20)
FN:32,(anonymous_22)
FN:32,(anonymous_23)
FN:48,(anonymous_25)
FN:48,(anonymous_26)
FN:60,(anonymous_28)
FN:60,(anonymous_29)
FNF:11
FNH:0
FNDA:0,(anonymous_14)
FNDA:0,(anonymous_16)
FNDA:0,(anonymous_17)
FNDA:0,(anonymous_19)
FNDA:0,(anonymous_20)
FNDA:0,(anonymous_22)
FNDA:0,(anonymous_23)
FNDA:0,(anonymous_25)
FNDA:0,(anonymous_26)
FNDA:0,(anonymous_28)
FNDA:0,(anonymous_29)
DA:2,0
DA:3,0
DA:4,0
DA:6,0
DA:7,0
DA:8,0
DA:9,0
DA:10,0
DA:11,0
DA:19,0
DA:20,0
DA:23,0
DA:25,0
DA:31,0
DA:32,0
DA:33,0
DA:34,0
DA:38,0
DA:39,0
DA:41,0
DA:47,0
DA:48,0
DA:49,0
DA:50,0
DA:51,0
DA:53,0
DA:59,0
DA:60,0
DA:61,0
DA:62,0
DA:63,0
DA:64,0
DA:66,0
DA:72,0
LF:34
LH:0
BRDA:9,0,0,0
BRDA:10,1,0,0
BRDA:23,2,0,0
BRDA:38,3,0,0
BRDA:49,4,0,0
BRDA:50,5,0,0
BRDA:63,6,0,0
BRF:7
BRH:0
end_of_record
TN:
SF:src\controllers\errorController.ts
FN:4,(anonymous_2)
FN:5,(anonymous_4)
FN:17,(anonymous_5)
FNF:3
FNH:2
FNDA:1,(anonymous_2)
FNDA:1,(anonymous_4)
FNDA:0,(anonymous_5)
DA:4,1
DA:5,1
DA:11,1
DA:12,1
DA:13,1
DA:14,0
DA:15,0
DA:17,0
DA:21,1
DA:22,0
DA:27,1
DA:28,0
DA:31,1
DA:32,0
DA:35,1
DA:36,0
DA:41,1
DA:48,1
LF:18
LH:11
BRDA:11,0,0,1
BRDA:11,0,1,1
BRDA:12,1,0,1
BRDA:12,1,1,1
BRDA:13,2,0,0
BRDA:21,3,0,0
BRDA:27,4,0,0
BRDA:31,5,0,0
BRDA:35,6,0,0
BRF:9
BRH:4
end_of_record
TN:
SF:src\controllers\message.controller.ts
FN:6,(anonymous_14)
FN:8,(anonymous_16)
FN:8,(anonymous_17)
FN:20,(anonymous_19)
FN:20,(anonymous_20)
FN:32,(anonymous_22)
FN:32,(anonymous_23)
FN:48,(anonymous_25)
FN:48,(anonymous_26)
FN:62,(anonymous_28)
FN:62,(anonymous_29)
FNF:11
FNH:1
FNDA:1,(anonymous_14)
FNDA:0,(anonymous_16)
FNDA:0,(anonymous_17)
FNDA:0,(anonymous_19)
FNDA:0,(anonymous_20)
FNDA:0,(anonymous_22)
FNDA:0,(anonymous_23)
FNDA:0,(anonymous_25)
FNDA:0,(anonymous_26)
FNDA:0,(anonymous_28)
FNDA:0,(anonymous_29)
DA:2,1
DA:3,1
DA:4,1
DA:6,1
DA:7,1
DA:8,0
DA:9,0
DA:10,0
DA:11,0
DA:19,1
DA:20,0
DA:23,0
DA:25,0
DA:31,1
DA:32,0
DA:33,0
DA:34,0
DA:38,0
DA:39,0
DA:41,0
DA:47,1
DA:48,0
DA:49,0
DA:50,0
DA:51,0
DA:55,0
DA:61,1
DA:62,0
DA:63,0
DA:64,0
DA:65,0
DA:66,0
DA:68,0
DA:74,1
LF:34
LH:10
BRDA:9,0,0,0
BRDA:10,1,0,0
BRDA:23,2,0,0
BRDA:38,3,0,0
BRDA:49,4,0,0
BRDA:50,5,0,0
BRDA:65,6,0,0
BRF:7
BRH:0
end_of_record
TN:
SF:src\controllers\portfolio.controller.ts
FN:7,(anonymous_14)
FN:9,(anonymous_16)
FN:9,(anonymous_17)
FN:20,(anonymous_19)
FN:20,(anonymous_20)
FN:43,(anonymous_22)
FN:43,(anonymous_23)
FN:61,(anonymous_25)
FN:61,(anonymous_26)
FN:71,(anonymous_28)
FN:71,(anonymous_29)
FNF:11
FNH:1
FNDA:1,(anonymous_14)
FNDA:0,(anonymous_16)
FNDA:0,(anonymous_17)
FNDA:0,(anonymous_19)
FNDA:0,(anonymous_20)
FNDA:0,(anonymous_22)
FNDA:0,(anonymous_23)
FNDA:0,(anonymous_25)
FNDA:0,(anonymous_26)
FNDA:0,(anonymous_28)
FNDA:0,(anonymous_29)
DA:2,1
DA:3,1
DA:4,1
DA:5,1
DA:7,1
DA:8,1
DA:9,0
DA:10,0
DA:11,0
DA:12,0
DA:19,1
DA:20,0
DA:21,0
DA:22,0
DA:23,0
DA:24,0
DA:29,0
DA:30,0
DA:35,0
DA:36,0
DA:42,1
DA:43,0
DA:44,0
DA:45,0
DA:46,0
DA:54,0
DA:60,1
DA:61,0
DA:62,0
DA:63,0
DA:64,0
DA:70,1
DA:71,0
DA:72,0
DA:73,0
DA:74,0
DA:80,1
LF:37
LH:11
BRDA:10,0,0,0
BRDA:11,1,0,0
BRDA:35,2,0,0
BRDA:22,3,0,0
BRDA:44,4,0,0
BRDA:45,5,0,0
BRDA:62,6,0,0
BRDA:63,7,0,0
BRDA:72,8,0,0
BRDA:73,9,0,0
BRF:10
BRH:0
end_of_record
TN:
SF:src\controllers\skills.controller.ts
FN:7,(anonymous_14)
FN:9,(anonymous_16)
FN:9,(anonymous_17)
FN:20,(anonymous_19)
FN:20,(anonymous_20)
FN:43,(anonymous_22)
FN:43,(anonymous_23)
FN:61,(anonymous_25)
FN:61,(anonymous_26)
FN:71,(anonymous_28)
FN:71,(anonymous_29)
FNF:11
FNH:1
FNDA:1,(anonymous_14)
FNDA:0,(anonymous_16)
FNDA:0,(anonymous_17)
FNDA:0,(anonymous_19)
FNDA:0,(anonymous_20)
FNDA:0,(anonymous_22)
FNDA:0,(anonymous_23)
FNDA:0,(anonymous_25)
FNDA:0,(anonymous_26)
FNDA:0,(anonymous_28)
FNDA:0,(anonymous_29)
DA:2,1
DA:3,1
DA:4,1
DA:5,1
DA:7,1
DA:8,1
DA:9,0
DA:10,0
DA:11,0
DA:12,0
DA:19,1
DA:20,0
DA:21,0
DA:22,0
DA:23,0
DA:24,0
DA:29,0
DA:30,0
DA:35,0
DA:36,0
DA:42,1
DA:43,0
DA:44,0
DA:45,0
DA:46,0
DA:54,0
DA:60,1
DA:61,0
DA:62,0
DA:63,0
DA:64,0
DA:70,1
DA:71,0
DA:72,0
DA:73,0
DA:74,0
DA:80,1
LF:37
LH:11
BRDA:10,0,0,0
BRDA:11,1,0,0
BRDA:35,2,0,0
BRDA:22,3,0,0
BRDA:44,4,0,0
BRDA:45,5,0,0
BRDA:62,6,0,0
BRDA:63,7,0,0
BRDA:72,8,0,0
BRDA:73,9,0,0
BRF:10
BRH:0
end_of_record
TN:
SF:src\controllers\userController.ts
FN:7,(anonymous_14)
FN:9,(anonymous_16)
FN:9,(anonymous_17)
FN:23,(anonymous_19)
FN:23,(anonymous_20)
FN:37,(anonymous_22)
FN:37,(anonymous_23)
FN:54,(anonymous_25)
FN:54,(anonymous_26)
FN:65,(anonymous_28)
FN:65,(anonymous_29)
FNF:11
FNH:1
FNDA:1,(anonymous_14)
FNDA:0,(anonymous_16)
FNDA:0,(anonymous_17)
FNDA:0,(anonymous_19)
FNDA:0,(anonymous_20)
FNDA:0,(anonymous_22)
FNDA:0,(anonymous_23)
FNDA:0,(anonymous_25)
FNDA:0,(anonymous_26)
FNDA:0,(anonymous_28)
FNDA:0,(anonymous_29)
DA:2,1
DA:3,1
DA:4,1
DA:5,1
DA:7,1
DA:8,1
DA:9,0
DA:10,0
DA:11,0
DA:12,0
DA:14,0
DA:22,1
DA:23,0
DA:24,0
DA:25,0
DA:26,0
DA:27,0
DA:29,0
DA:36,1
DA:37,0
DA:38,0
DA:39,0
DA:40,0
DA:41,0
DA:42,0
DA:46,0
DA:53,1
DA:54,0
DA:55,0
DA:56,0
DA:57,0
DA:58,0
DA:59,0
DA:60,0
DA:64,1
DA:65,0
DA:66,0
DA:67,0
DA:68,0
DA:72,0
DA:73,0
DA:81,0
DA:83,0
DA:89,1
LF:44
LH:11
BRDA:10,0,0,0
BRDA:11,1,0,0
BRDA:26,2,0,0
BRDA:40,3,0,0
BRDA:57,4,0,0
BRDA:66,5,0,0
BRDA:67,6,0,0
BRDA:72,7,0,0
BRF:8
BRH:0
end_of_record
TN:
SF:src\middleware\upload.ts
FN:7,(anonymous_1)
FN:14,(anonymous_2)
FN:23,(anonymous_3)
FN:30,(anonymous_4)
FN:38,(anonymous_5)
FNF:5
FNH:0
FNDA:0,(anonymous_1)
FNDA:0,(anonymous_2)
FNDA:0,(anonymous_3)
FNDA:0,(anonymous_4)
FNDA:0,(anonymous_5)
DA:1,1
DA:3,1
DA:4,1
DA:6,1
DA:8,0
DA:9,0
DA:10,0
DA:12,0
DA:15,0
DA:22,1
DA:24,0
DA:25,0
DA:26,0
DA:28,0
DA:31,0
DA:38,1
DA:39,0
DA:44,0
DA:46,0
DA:49,1
DA:55,1
LF:21
LH:8
BRDA:9,0,0,0
BRDA:25,1,0,0
BRDA:39,2,0,0
BRDA:39,2,1,0
BRDA:40,3,0,0
BRDA:40,3,1,0
BRDA:40,3,2,0
BRF:7
BRH:0
end_of_record
TN:
SF:src\models\aboutMeModel.ts
FNF:0
FNH:0
DA:1,1
DA:3,1
LF:2
LH:2
BRF:0
BRH:0
end_of_record
TN:
SF:src\models\blogModel.ts
FNF:0
FNH:0
DA:1,1
DA:4,1
DA:44,1
DA:45,1
LF:4
LH:4
BRF:0
BRH:0
end_of_record
TN:
SF:src\models\comment.model.ts
FNF:0
FNH:0
DA:1,0
DA:3,0
LF:2
LH:0
BRF:0
BRH:0
end_of_record
TN:
SF:src\models\interestModel.ts
FNF:0
FNH:0
DA:1,0
DA:3,0
LF:2
LH:0
BRF:0
BRH:0
end_of_record
TN:
SF:src\models\messageModel.ts
FNF:0
FNH:0
DA:1,1
DA:3,1
DA:5,1
DA:32,1
LF:4
LH:4
BRF:0
BRH:0
end_of_record
TN:
SF:src\models\portfolioModel.ts
FNF:0
FNH:0
DA:1,1
DA:3,1
DA:21,1
LF:3
LH:3
BRF:0
BRH:0
end_of_record
TN:
SF:src\models\skills.model.ts
FNF:0
FNH:0
DA:1,1
DA:3,1
LF:2
LH:2
BRF:0
BRH:0
end_of_record
TN:
SF:src\models\userModel.ts
FN:101,(anonymous_20)
FNF:1
FNH:0
FNDA:0,(anonymous_20)
DA:53,2
DA:54,2
DA:55,2
DA:68,2
DA:101,2
DA:102,0
DA:104,0
DA:105,0
DA:109,2
DA:113,2
LF:10
LH:7
BRDA:102,0,0,0
BRF:1
BRH:0
end_of_record
TN:
SF:src\models\verifyTokenModel.ts
FNF:0
FNH:0
DA:1,2
DA:3,2
DA:17,2
LF:3
LH:3
BRF:0
BRH:0
end_of_record
TN:
SF:src\routers\aboutMeRoute.ts
FNF:0
FNH:0
DA:1,1
DA:2,1
DA:4,1
DA:5,1
DA:11,1
LF:5
LH:5
BRF:0
BRH:0
end_of_record
TN:
SF:src\routers\authRoutes.ts
FNF:0
FNH:0
DA:2,1
DA:3,1
DA:5,1
DA:7,1
DA:8,1
DA:10,1
LF:6
LH:6
BRF:0
BRH:0
end_of_record
TN:
SF:src\routers\blogRouter.ts
FN:15,(anonymous_1)
FNF:1
FNH:0
FNDA:0,(anonymous_1)
DA:2,1
DA:3,1
DA:4,1
DA:5,1
DA:7,5
DA:8,2
DA:9,1
DA:11,1
DA:16,0
DA:17,0
DA:18,0
DA:19,0
DA:21,0
DA:27,1
DA:33,1
LF:15
LH:10
BRDA:17,0,0,0
BRDA:17,0,1,0
BRF:2
BRH:0
end_of_record
TN:
SF:src\routers\messageRoute.ts
FNF:0
FNH:0
DA:1,1
DA:2,1
DA:3,1
DA:5,1
DA:6,1
DA:18,1
DA:36,1
LF:7
LH:7
BRF:0
BRH:0
end_of_record
TN:
SF:src\routers\portfolioRoute.ts
FNF:0
FNH:0
DA:1,1
DA:2,1
DA:3,1
DA:4,1
DA:6,1
DA:8,1
DA:21,1
DA:39,1
LF:8
LH:8
BRF:0
BRH:0
end_of_record
TN:
SF:src\routers\skillsRoute.ts
FNF:0
FNH:0
DA:1,1
DA:2,1
DA:3,1
DA:4,1
DA:6,1
DA:7,1
DA:20,1
DA:38,1
LF:8
LH:8
BRF:0
BRH:0
end_of_record
TN:
SF:src\routers\userRouter.ts
FNF:0
FNH:0
DA:1,1
DA:2,1
DA:3,1
DA:4,4
DA:5,4
DA:7,1
DA:57,1
DA:79,1
DA:128,1
LF:9
LH:9
BRF:0
BRH:0
end_of_record
TN:
SF:src\swagger\blogDocs.ts
FNF:0
FNH:0
DA:1,1
DA:26,1
DA:51,1
DA:156,1
DA:228,1
DA:300,1
DA:325,1
DA:352,1
LF:8
LH:8
BRF:0
BRH:0
end_of_record
TN:
SF:src\swagger\messageDocs.ts
FNF:0
FNH:0
DA:1,1
DA:152,1
LF:2
LH:2
BRF:0
BRH:0
end_of_record
TN:
SF:src\swagger\swaggerdocs.ts
FNF:0
FNH:0
DA:1,1
DA:2,1
DA:3,1
DA:4,1
DA:42,1
LF:5
LH:5
BRF:0
BRH:0
end_of_record
TN:
SF:src\swagger\userDocs.ts
FNF:0
FNH:0
DA:1,1
DA:26,1
DA:57,1
DA:105,1
DA:166,1
DA:190,1
DA:217,1
LF:7
LH:7
BRF:0
BRH:0
end_of_record
TN:
SF:src\utils\appError.ts
FN:1,(anonymous_6)
FN:5,AppError
FNF:2
FNH:1
FNDA:2,(anonymous_6)
FNDA:0,AppError
DA:1,2
DA:5,0
DA:6,0
DA:7,0
DA:8,0
DA:9,0
DA:10,0
DA:12,2
LF:8
LH:2
BRDA:6,0,0,0
BRDA:6,0,1,0
BRDA:7,1,0,0
BRDA:7,1,1,0
BRF:4
BRH:0
end_of_record
TN:
SF:src\utils\catchAsync.ts
FN:3,catchAsync
FN:4,(anonymous_1)
FNF:2
FNH:2
FNDA:37,catchAsync
FNDA:2,(anonymous_1)
DA:3,3
DA:4,37
DA:5,2
LF:3
LH:3
BRF:0
BRH:0
end_of_record
TN:
SF:src\utils\invalidUrl.ts
FN:3,(anonymous_0)
FN:4,(anonymous_2)
FNF:2
FNH:1
FNDA:1,(anonymous_0)
FNDA:0,(anonymous_2)
DA:3,1
DA:4,1
DA:5,0
DA:10,1
LF:4
LH:3
BRF:0
BRH:0
end_of_record
TN:
SF:src\utils\passwordUtils.ts
FN:3,(anonymous_14)
FN:3,(anonymous_15)
FNF:2
FNH:0
FNDA:0,(anonymous_14)
FNDA:0,(anonymous_15)
DA:1,0
DA:3,0
DA:4,0
LF:3
LH:0
BRDA:4,0,0,0
BRDA:4,0,1,0
BRF:2
BRH:0
end_of_record
